This file contains any messages produced by compilers while
running configure, to aid debugging if configure makes a mistake.

It was created by configure, which was
generated by GNU Autoconf 2.61.  Invocation command line was

  $ ./configure --disable-option-checking --prefix=/usr/local --enable-threads --enable-localjpeg --enable-localpng --enable-localzlib --cache-file=/dev/null --srcdir=.

## --------- ##
## Platform. ##
## --------- ##

hostname = silentoutrage
uname -m = i686
uname -r = 2.6.24-16-386
uname -s = Linux
uname -v = #1 Thu Apr 10 12:50:06 UTC 2008

/usr/bin/uname -p = unknown
/bin/uname -X     = unknown

/bin/arch              = unknown
/usr/bin/arch -k       = unknown
/usr/convex/getsysinfo = unknown
/usr/bin/hostinfo      = unknown
/bin/machine           = unknown
/usr/bin/oslevel       = unknown
/bin/universe          = unknown

PATH: /usr/local/sbin
PATH: /usr/local/bin
PATH: /usr/sbin
PATH: /usr/bin
PATH: /sbin
PATH: /bin
PATH: /usr/bin/X11
PATH: /usr/games


## ----------- ##
## Core tests. ##
## ----------- ##

configure:2096: checking for gcc
configure:2112: found /usr/bin/gcc
configure:2123: result: gcc
configure:2361: checking for C compiler version
configure:2368: gcc --version >&5
gcc (Ubuntu 4.3.3-5ubuntu4) 4.3.3
Copyright (C) 2008 Free Software Foundation, Inc.
This is free software; see the source for copying conditions.  There is NO
warranty; not even for MERCHANTABILITY or FITNESS FOR A PARTICULAR PURPOSE.

configure:2371: $? = 0
configure:2378: gcc -v >&5
Using built-in specs.
Target: i486-linux-gnu
Configured with: ../src/configure -v --with-pkgversion='Ubuntu 4.3.3-5ubuntu4' --with-bugurl=file:///usr/share/doc/gcc-4.3/README.Bugs --enable-languages=c,c++,fortran,objc,obj-c++ --prefix=/usr --enable-shared --with-system-zlib --libexecdir=/usr/lib --without-included-gettext --enable-threads=posix --enable-nls --with-gxx-include-dir=/usr/include/c++/4.3 --program-suffix=-4.3 --enable-clocale=gnu --enable-libstdcxx-debug --enable-objc-gc --enable-mpfr --enable-targets=all --with-tune=generic --enable-checking=release --build=i486-linux-gnu --host=i486-linux-gnu --target=i486-linux-gnu
Thread model: posix
gcc version 4.3.3 (Ubuntu 4.3.3-5ubuntu4) 
configure:2381: $? = 0
configure:2388: gcc -V >&5
gcc: '-V' option must have argument
configure:2391: $? = 1
configure:2414: checking for C compiler default output file name
configure:2441: gcc    conftest.c  >&5
configure:2444: $? = 0
configure:2482: result: a.out
configure:2499: checking whether the C compiler works
configure:2509: ./a.out
configure:2512: $? = 0
configure:2529: result: yes
configure:2536: checking whether we are cross compiling
configure:2538: result: no
configure:2541: checking for suffix of executables
configure:2548: gcc -o conftest    conftest.c  >&5
configure:2551: $? = 0
configure:2575: result: 
configure:2581: checking for suffix of object files
configure:2607: gcc -c   conftest.c >&5
configure:2610: $? = 0
configure:2633: result: o
configure:2637: checking whether we are using the GNU C compiler
configure:2666: gcc -c   conftest.c >&5
configure:2672: $? = 0
configure:2689: result: yes
configure:2694: checking whether gcc accepts -g
configure:2724: gcc -c -g  conftest.c >&5
configure:2730: $? = 0
configure:2829: result: yes
configure:2846: checking for gcc option to accept ISO C89
configure:2920: gcc  -c   conftest.c >&5
configure:2926: $? = 0
configure:2949: result: none needed
configure:3025: checking for g++
configure:3041: found /usr/bin/g++
configure:3052: result: g++
configure:3083: checking for C++ compiler version
configure:3090: g++ --version >&5
g++ (Ubuntu 4.3.3-5ubuntu4) 4.3.3
Copyright (C) 2008 Free Software Foundation, Inc.
This is free software; see the source for copying conditions.  There is NO
warranty; not even for MERCHANTABILITY or FITNESS FOR A PARTICULAR PURPOSE.

configure:3093: $? = 0
configure:3100: g++ -v >&5
Using built-in specs.
Target: i486-linux-gnu
Configured with: ../src/configure -v --with-pkgversion='Ubuntu 4.3.3-5ubuntu4' --with-bugurl=file:///usr/share/doc/gcc-4.3/README.Bugs --enable-languages=c,c++,fortran,objc,obj-c++ --prefix=/usr --enable-shared --with-system-zlib --libexecdir=/usr/lib --without-included-gettext --enable-threads=posix --enable-nls --with-gxx-include-dir=/usr/include/c++/4.3 --program-suffix=-4.3 --enable-clocale=gnu --enable-libstdcxx-debug --enable-objc-gc --enable-mpfr --enable-targets=all --with-tune=generic --enable-checking=release --build=i486-linux-gnu --host=i486-linux-gnu --target=i486-linux-gnu
Thread model: posix
gcc version 4.3.3 (Ubuntu 4.3.3-5ubuntu4) 
configure:3103: $? = 0
configure:3110: g++ -V >&5
g++: '-V' option must have argument
configure:3113: $? = 1
configure:3116: checking whether we are using the GNU C++ compiler
configure:3145: g++ -c   conftest.cpp >&5
configure:3151: $? = 0
configure:3168: result: yes
configure:3173: checking whether g++ accepts -g
configure:3203: g++ -c -g  conftest.cpp >&5
configure:3209: $? = 0
configure:3308: result: yes
configure:3375: checking for a BSD-compatible install
configure:3431: result: /usr/bin/install -c
configure:3453: checking for nroff
configure:3471: found /usr/bin/nroff
configure:3483: result: /usr/bin/nroff
configure:3541: checking for htmldoc
configure:3574: result: no
configure:3623: checking for ranlib
configure:3639: found /usr/bin/ranlib
configure:3650: result: ranlib
configure:3678: checking for ar
configure:3696: found /usr/bin/ar
configure:3708: result: /usr/bin/ar
configure:3737: checking how to run the C preprocessor
configure:3777: gcc -E  conftest.c
configure:3783: $? = 0
configure:3814: gcc -E  conftest.c
conftest.c:8:28: error: ac_nonexistent.h: No such file or directory
configure:3820: $? = 1
configure: failed program was:
| /* confdefs.h.  */
| #define PACKAGE_NAME ""
| #define PACKAGE_TARNAME ""
| #define PACKAGE_VERSION ""
| #define PACKAGE_STRING ""
| #define PACKAGE_BUGREPORT ""
| /* end confdefs.h.  */
| #include <ac_nonexistent.h>
configure:3853: result: gcc -E
configure:3882: gcc -E  conftest.c
configure:3888: $? = 0
configure:3919: gcc -E  conftest.c
conftest.c:8:28: error: ac_nonexistent.h: No such file or directory
configure:3925: $? = 1
configure: failed program was:
| /* confdefs.h.  */
| #define PACKAGE_NAME ""
| #define PACKAGE_TARNAME ""
| #define PACKAGE_VERSION ""
| #define PACKAGE_STRING ""
| #define PACKAGE_BUGREPORT ""
| /* end confdefs.h.  */
| #include <ac_nonexistent.h>
configure:3963: checking for grep that handles long lines and -e
configure:4037: result: /bin/grep
configure:4042: checking for egrep
configure:4120: result: /bin/grep -E
configure:4125: checking for ANSI C header files
configure:4155: gcc -c   conftest.c >&5
configure:4161: $? = 0
configure:4260: gcc -o conftest    conftest.c  >&5
configure:4263: $? = 0
configure:4269: ./conftest
configure:4272: $? = 0
configure:4289: result: yes
configure:4313: checking for sys/types.h
configure:4334: gcc -c   conftest.c >&5
configure:4340: $? = 0
configure:4356: result: yes
configure:4313: checking for sys/stat.h
configure:4334: gcc -c   conftest.c >&5
configure:4340: $? = 0
configure:4356: result: yes
configure:4313: checking for stdlib.h
configure:4334: gcc -c   conftest.c >&5
configure:4340: $? = 0
configure:4356: result: yes
configure:4313: checking for string.h
configure:4334: gcc -c   conftest.c >&5
configure:4340: $? = 0
configure:4356: result: yes
configure:4313: checking for memory.h
configure:4334: gcc -c   conftest.c >&5
configure:4340: $? = 0
configure:4356: result: yes
configure:4313: checking for strings.h
configure:4334: gcc -c   conftest.c >&5
configure:4340: $? = 0
configure:4356: result: yes
configure:4313: checking for inttypes.h
configure:4334: gcc -c   conftest.c >&5
configure:4340: $? = 0
configure:4356: result: yes
configure:4313: checking for stdint.h
configure:4334: gcc -c   conftest.c >&5
configure:4340: $? = 0
configure:4356: result: yes
configure:4313: checking for unistd.h
configure:4334: gcc -c   conftest.c >&5
configure:4340: $? = 0
configure:4356: result: yes
configure:4368: checking whether byte ordering is bigendian
configure:4401: gcc -c   conftest.c >&5
configure:4407: $? = 0
configure:4439: gcc -c   conftest.c >&5
conftest.c: In function 'main':
conftest.c:25: error: 'not' undeclared (first use in this function)
conftest.c:25: error: (Each undeclared identifier is reported only once
conftest.c:25: error: for each function it appears in.)
conftest.c:25: error: expected ';' before 'big'
configure:4445: $? = 1
configure: failed program was:
| /* confdefs.h.  */
| #define PACKAGE_NAME ""
| #define PACKAGE_TARNAME ""
| #define PACKAGE_VERSION ""
| #define PACKAGE_STRING ""
| #define PACKAGE_BUGREPORT ""
| #define STDC_HEADERS 1
| #define HAVE_SYS_TYPES_H 1
| #define HAVE_SYS_STAT_H 1
| #define HAVE_STDLIB_H 1
| #define HAVE_STRING_H 1
| #define HAVE_MEMORY_H 1
| #define HAVE_STRINGS_H 1
| #define HAVE_INTTYPES_H 1
| #define HAVE_STDINT_H 1
| #define HAVE_UNISTD_H 1
| /* end confdefs.h.  */
| #include <sys/types.h>
| #include <sys/param.h>
| 
| int
| main ()
| {
| #if BYTE_ORDER != BIG_ENDIAN
|  not big endian
| #endif
| 
|   ;
|   return 0;
| }
configure:4585: result: no
configure:4605: checking for short
configure:4635: gcc -c   conftest.c >&5
configure:4641: $? = 0
configure:4656: result: yes
configure:4663: checking size of short
configure:4965: gcc -o conftest    conftest.c  >&5
configure:4968: $? = 0
configure:4974: ./conftest
configure:4977: $? = 0
configure:5000: result: 2
configure:5010: checking for int
configure:5040: gcc -c   conftest.c >&5
configure:5046: $? = 0
configure:5061: result: yes
configure:5068: checking size of int
configure:5370: gcc -o conftest    conftest.c  >&5
configure:5373: $? = 0
configure:5379: ./conftest
configure:5382: $? = 0
configure:5405: result: 4
configure:5415: checking for long
configure:5445: gcc -c   conftest.c >&5
configure:5451: $? = 0
configure:5466: result: yes
configure:5473: checking size of long
configure:5775: gcc -o conftest    conftest.c  >&5
configure:5778: $? = 0
configure:5784: ./conftest
configure:5787: $? = 0
configure:5810: result: 4
configure:5854: checking whether the compiler recognizes bool as a built-in type
configure:5895: g++ -c   conftest.cpp >&5
configure:5901: $? = 0
configure:5923: result: yes
configure:5938: checking for dirent.h that defines DIR
configure:5967: gcc -c   conftest.c >&5
configure:5973: $? = 0
configure:5989: result: yes
configure:6002: checking for library containing opendir
configure:6043: gcc -o conftest    conftest.c  >&5
configure:6049: $? = 0
configure:6077: result: none required
configure:6181: checking sys/select.h usability
configure:6198: gcc -c   conftest.c >&5
configure:6204: $? = 0
configure:6218: result: yes
configure:6222: checking sys/select.h presence
configure:6237: gcc -E  conftest.c
configure:6243: $? = 0
configure:6257: result: yes
configure:6285: checking for sys/select.h
configure:6292: result: yes
configure:6314: checking sys/stdtypes.h usability
configure:6331: gcc -c   conftest.c >&5
conftest.c:58:26: error: sys/stdtypes.h: No such file or directory
configure:6337: $? = 1
configure: failed program was:
| /* confdefs.h.  */
| #define PACKAGE_NAME ""
| #define PACKAGE_TARNAME ""
| #define PACKAGE_VERSION ""
| #define PACKAGE_STRING ""
| #define PACKAGE_BUGREPORT ""
| #define STDC_HEADERS 1
| #define HAVE_SYS_TYPES_H 1
| #define HAVE_SYS_STAT_H 1
| #define HAVE_STDLIB_H 1
| #define HAVE_STRING_H 1
| #define HAVE_MEMORY_H 1
| #define HAVE_STRINGS_H 1
| #define HAVE_INTTYPES_H 1
| #define HAVE_STDINT_H 1
| #define HAVE_UNISTD_H 1
| #define SIZEOF_SHORT 2
| #define SIZEOF_INT 4
| #define SIZEOF_LONG 4
| #define U16 unsigned short
| #define U32 unsigned
| #define HAVE_DIRENT_H 1
| #define HAVE_SYS_SELECT_H 1
| /* end confdefs.h.  */
| #include <stdio.h>
| #ifdef HAVE_SYS_TYPES_H
| # include <sys/types.h>
| #endif
| #ifdef HAVE_SYS_STAT_H
| # include <sys/stat.h>
| #endif
| #ifdef STDC_HEADERS
| # include <stdlib.h>
| # include <stddef.h>
| #else
| # ifdef HAVE_STDLIB_H
| #  include <stdlib.h>
| # endif
| #endif
| #ifdef HAVE_STRING_H
| # if !defined STDC_HEADERS && defined HAVE_MEMORY_H
| #  include <memory.h>
| # endif
| # include <string.h>
| #endif
| #ifdef HAVE_STRINGS_H
| # include <strings.h>
| #endif
| #ifdef HAVE_INTTYPES_H
| # include <inttypes.h>
| #endif
| #ifdef HAVE_STDINT_H
| # include <stdint.h>
| #endif
| #ifdef HAVE_UNISTD_H
| # include <unistd.h>
| #endif
| #include <sys/stdtypes.h>
configure:6351: result: no
configure:6355: checking sys/stdtypes.h presence
configure:6370: gcc -E  conftest.c
conftest.c:25:26: error: sys/stdtypes.h: No such file or directory
configure:6376: $? = 1
configure: failed program was:
| /* confdefs.h.  */
| #define PACKAGE_NAME ""
| #define PACKAGE_TARNAME ""
| #define PACKAGE_VERSION ""
| #define PACKAGE_STRING ""
| #define PACKAGE_BUGREPORT ""
| #define STDC_HEADERS 1
| #define HAVE_SYS_TYPES_H 1
| #define HAVE_SYS_STAT_H 1
| #define HAVE_STDLIB_H 1
| #define HAVE_STRING_H 1
| #define HAVE_MEMORY_H 1
| #define HAVE_STRINGS_H 1
| #define HAVE_INTTYPES_H 1
| #define HAVE_STDINT_H 1
| #define HAVE_UNISTD_H 1
| #define SIZEOF_SHORT 2
| #define SIZEOF_INT 4
| #define SIZEOF_LONG 4
| #define U16 unsigned short
| #define U32 unsigned
| #define HAVE_DIRENT_H 1
| #define HAVE_SYS_SELECT_H 1
| /* end confdefs.h.  */
| #include <sys/stdtypes.h>
configure:6390: result: no
configure:6418: checking for sys/stdtypes.h
configure:6425: result: no
configure:6437: checking for scandir
configure:6493: gcc -o conftest    conftest.c  >&5
configure:6499: $? = 0
configure:6516: result: yes
configure:6530: checking for vsnprintf
configure:6586: gcc -o conftest    conftest.c  >&5
conftest.c:49: warning: conflicting types for built-in function 'vsnprintf'
configure:6592: $? = 0
configure:6609: result: yes
configure:6647: checking for snprintf
configure:6703: gcc -o conftest    conftest.c  >&5
conftest.c:50: warning: conflicting types for built-in function 'snprintf'
configure:6709: $? = 0
configure:6726: result: yes
configure:6765: checking for strings.h
configure:6770: result: yes
configure:6903: checking for strcasecmp
configure:6959: gcc -o conftest    conftest.c  >&5
conftest.c:52: warning: conflicting types for built-in function 'strcasecmp'
configure:6965: $? = 0
configure:6983: result: yes
configure:6903: checking for strlcat
configure:6959: gcc -o conftest    conftest.c  >&5
/tmp/cc4jastu.o: In function `main':
conftest.c:(.text+0x12): undefined reference to `strlcat'
collect2: ld returned 1 exit status
configure:6965: $? = 1
configure: failed program was:
| /* confdefs.h.  */
| #define PACKAGE_NAME ""
| #define PACKAGE_TARNAME ""
| #define PACKAGE_VERSION ""
| #define PACKAGE_STRING ""
| #define PACKAGE_BUGREPORT ""
| #define STDC_HEADERS 1
| #define HAVE_SYS_TYPES_H 1
| #define HAVE_SYS_STAT_H 1
| #define HAVE_STDLIB_H 1
| #define HAVE_STRING_H 1
| #define HAVE_MEMORY_H 1
| #define HAVE_STRINGS_H 1
| #define HAVE_INTTYPES_H 1
| #define HAVE_STDINT_H 1
| #define HAVE_UNISTD_H 1
| #define SIZEOF_SHORT 2
| #define SIZEOF_INT 4
| #define SIZEOF_LONG 4
| #define U16 unsigned short
| #define U32 unsigned
| #define HAVE_DIRENT_H 1
| #define HAVE_SYS_SELECT_H 1
| #define HAVE_SCANDIR 1
| #define HAVE_VSNPRINTF 1
| #define HAVE_SNPRINTF 1
| #define HAVE_STRINGS_H 1
| #define HAVE_STRCASECMP 1
| /* end confdefs.h.  */
| /* Define strlcat to an innocuous variant, in case <limits.h> declares strlcat.
|    For example, HP-UX 11i <limits.h> declares gettimeofday.  */
| #define strlcat innocuous_strlcat
| 
| /* System header to define __stub macros and hopefully few prototypes,
|     which can conflict with char strlcat (); below.
|     Prefer <limits.h> to <assert.h> if __STDC__ is defined, since
|     <limits.h> exists even on freestanding compilers.  */
| 
| #ifdef __STDC__
| # include <limits.h>
| #else
| # include <assert.h>
| #endif
| 
| #undef strlcat
| 
| /* Override any GCC internal prototype to avoid an error.
|    Use char because int might match the return type of a GCC
|    builtin and then its argument prototype would still apply.  */
| #ifdef __cplusplus
| extern "C"
| #endif
| char strlcat ();
| /* The GNU C library defines this for functions which it implements
|     to always fail with ENOSYS.  Some functions are actually named
|     something starting with __ and the normal name is an alias.  */
| #if defined __stub_strlcat || defined __stub___strlcat
| choke me
| #endif
| 
| int
| main ()
| {
| return strlcat ();
|   ;
|   return 0;
| }
configure:6983: result: no
configure:6903: checking for strlcpy
configure:6959: gcc -o conftest    conftest.c  >&5
/tmp/ccK8Zn6F.o: In function `main':
conftest.c:(.text+0x12): undefined reference to `strlcpy'
collect2: ld returned 1 exit status
configure:6965: $? = 1
configure: failed program was:
| /* confdefs.h.  */
| #define PACKAGE_NAME ""
| #define PACKAGE_TARNAME ""
| #define PACKAGE_VERSION ""
| #define PACKAGE_STRING ""
| #define PACKAGE_BUGREPORT ""
| #define STDC_HEADERS 1
| #define HAVE_SYS_TYPES_H 1
| #define HAVE_SYS_STAT_H 1
| #define HAVE_STDLIB_H 1
| #define HAVE_STRING_H 1
| #define HAVE_MEMORY_H 1
| #define HAVE_STRINGS_H 1
| #define HAVE_INTTYPES_H 1
| #define HAVE_STDINT_H 1
| #define HAVE_UNISTD_H 1
| #define SIZEOF_SHORT 2
| #define SIZEOF_INT 4
| #define SIZEOF_LONG 4
| #define U16 unsigned short
| #define U32 unsigned
| #define HAVE_DIRENT_H 1
| #define HAVE_SYS_SELECT_H 1
| #define HAVE_SCANDIR 1
| #define HAVE_VSNPRINTF 1
| #define HAVE_SNPRINTF 1
| #define HAVE_STRINGS_H 1
| #define HAVE_STRCASECMP 1
| /* end confdefs.h.  */
| /* Define strlcpy to an innocuous variant, in case <limits.h> declares strlcpy.
|    For example, HP-UX 11i <limits.h> declares gettimeofday.  */
| #define strlcpy innocuous_strlcpy
| 
| /* System header to define __stub macros and hopefully few prototypes,
|     which can conflict with char strlcpy (); below.
|     Prefer <limits.h> to <assert.h> if __STDC__ is defined, since
|     <limits.h> exists even on freestanding compilers.  */
| 
| #ifdef __STDC__
| # include <limits.h>
| #else
| # include <assert.h>
| #endif
| 
| #undef strlcpy
| 
| /* Override any GCC internal prototype to avoid an error.
|    Use char because int might match the return type of a GCC
|    builtin and then its argument prototype would still apply.  */
| #ifdef __cplusplus
| extern "C"
| #endif
| char strlcpy ();
| /* The GNU C library defines this for functions which it implements
|     to always fail with ENOSYS.  Some functions are actually named
|     something starting with __ and the normal name is an alias.  */
| #if defined __stub_strlcpy || defined __stub___strlcpy
| choke me
| #endif
| 
| int
| main ()
| {
| return strlcpy ();
|   ;
|   return 0;
| }
configure:6983: result: no
configure:7004: checking locale.h usability
configure:7021: gcc -c   conftest.c >&5
configure:7027: $? = 0
configure:7041: result: yes
configure:7045: checking locale.h presence
configure:7060: gcc -E  conftest.c
configure:7066: $? = 0
configure:7080: result: yes
configure:7108: checking for locale.h
configure:7115: result: yes
configure:7131: checking for localeconv
configure:7187: gcc -o conftest    conftest.c  >&5
configure:7193: $? = 0
configure:7211: result: yes
configure:7222: checking for library containing pow
configure:7263: gcc -o conftest    conftest.c  >&5
conftest.c:39: warning: conflicting types for built-in function 'pow'
/tmp/ccShQ0ah.o: In function `main':
conftest.c:(.text+0x12): undefined reference to `pow'
collect2: ld returned 1 exit status
configure:7269: $? = 1
configure: failed program was:
| /* confdefs.h.  */
| #define PACKAGE_NAME ""
| #define PACKAGE_TARNAME ""
| #define PACKAGE_VERSION ""
| #define PACKAGE_STRING ""
| #define PACKAGE_BUGREPORT ""
| #define STDC_HEADERS 1
| #define HAVE_SYS_TYPES_H 1
| #define HAVE_SYS_STAT_H 1
| #define HAVE_STDLIB_H 1
| #define HAVE_STRING_H 1
| #define HAVE_MEMORY_H 1
| #define HAVE_STRINGS_H 1
| #define HAVE_INTTYPES_H 1
| #define HAVE_STDINT_H 1
| #define HAVE_UNISTD_H 1
| #define SIZEOF_SHORT 2
| #define SIZEOF_INT 4
| #define SIZEOF_LONG 4
| #define U16 unsigned short
| #define U32 unsigned
| #define HAVE_DIRENT_H 1
| #define HAVE_SYS_SELECT_H 1
| #define HAVE_SCANDIR 1
| #define HAVE_VSNPRINTF 1
| #define HAVE_SNPRINTF 1
| #define HAVE_STRINGS_H 1
| #define HAVE_STRCASECMP 1
| #define HAVE_LOCALE_H 1
| #define HAVE_LOCALECONV 1
| /* end confdefs.h.  */
| 
| /* Override any GCC internal prototype to avoid an error.
|    Use char because int might match the return type of a GCC
|    builtin and then its argument prototype would still apply.  */
| #ifdef __cplusplus
| extern "C"
| #endif
| char pow ();
| int
| main ()
| {
| return pow ();
|   ;
|   return 0;
| }
configure:7263: gcc -o conftest    conftest.c -lm   >&5
conftest.c:39: warning: conflicting types for built-in function 'pow'
configure:7269: $? = 0
configure:7297: result: -lm
configure:7313: checking for special C compiler options needed for large files
configure:7406: result: no
configure:7412: checking for _FILE_OFFSET_BITS value needed for large files
configure:7447: gcc -c   conftest.c >&5
conftest.c:38: warning: left shift count >= width of type
conftest.c:38: warning: left shift count >= width of type
conftest.c:40: error: size of array 'off_t_is_large' is negative
configure:7453: $? = 1
configure: failed program was:
| /* confdefs.h.  */
| #define PACKAGE_NAME ""
| #define PACKAGE_TARNAME ""
| #define PACKAGE_VERSION ""
| #define PACKAGE_STRING ""
| #define PACKAGE_BUGREPORT ""
| #define STDC_HEADERS 1
| #define HAVE_SYS_TYPES_H 1
| #define HAVE_SYS_STAT_H 1
| #define HAVE_STDLIB_H 1
| #define HAVE_STRING_H 1
| #define HAVE_MEMORY_H 1
| #define HAVE_STRINGS_H 1
| #define HAVE_INTTYPES_H 1
| #define HAVE_STDINT_H 1
| #define HAVE_UNISTD_H 1
| #define SIZEOF_SHORT 2
| #define SIZEOF_INT 4
| #define SIZEOF_LONG 4
| #define U16 unsigned short
| #define U32 unsigned
| #define HAVE_DIRENT_H 1
| #define HAVE_SYS_SELECT_H 1
| #define HAVE_SCANDIR 1
| #define HAVE_VSNPRINTF 1
| #define HAVE_SNPRINTF 1
| #define HAVE_STRINGS_H 1
| #define HAVE_STRCASECMP 1
| #define HAVE_LOCALE_H 1
| #define HAVE_LOCALECONV 1
| /* end confdefs.h.  */
| #include <sys/types.h>
|  /* Check that off_t can represent 2**63 - 1 correctly.
|     We can't simply define LARGE_OFF_T to be 9223372036854775807,
|     since some C++ compilers masquerading as C compilers
|     incorrectly reject 9223372036854775807.  */
| #define LARGE_OFF_T (((off_t) 1 << 62) - 1 + ((off_t) 1 << 62))
|   int off_t_is_large[(LARGE_OFF_T % 2147483629 == 721
| 		       && LARGE_OFF_T % 2147483647 == 1)
| 		      ? 1 : -1];
| int
| main ()
| {
| 
|   ;
|   return 0;
| }
configure:7497: gcc -c   conftest.c >&5
configure:7503: $? = 0
configure:7521: result: 64
configure:7671: checking for long long int
configure:7722: result: yes
configure:7732: checking for strtoll
configure:7788: gcc -o conftest    conftest.c -lm  >&5
configure:7794: $? = 0
configure:7811: result: yes
configure:7821: checking for library containing dlsym
configure:7862: gcc -o conftest    conftest.c -lm  >&5
/tmp/ccKp7i7Y.o: In function `main':
conftest.c:(.text+0x12): undefined reference to `dlsym'
collect2: ld returned 1 exit status
configure:7868: $? = 1
configure: failed program was:
| /* confdefs.h.  */
| #define PACKAGE_NAME ""
| #define PACKAGE_TARNAME ""
| #define PACKAGE_VERSION ""
| #define PACKAGE_STRING ""
| #define PACKAGE_BUGREPORT ""
| #define STDC_HEADERS 1
| #define HAVE_SYS_TYPES_H 1
| #define HAVE_SYS_STAT_H 1
| #define HAVE_STDLIB_H 1
| #define HAVE_STRING_H 1
| #define HAVE_MEMORY_H 1
| #define HAVE_STRINGS_H 1
| #define HAVE_INTTYPES_H 1
| #define HAVE_STDINT_H 1
| #define HAVE_UNISTD_H 1
| #define SIZEOF_SHORT 2
| #define SIZEOF_INT 4
| #define SIZEOF_LONG 4
| #define U16 unsigned short
| #define U32 unsigned
| #define HAVE_DIRENT_H 1
| #define HAVE_SYS_SELECT_H 1
| #define HAVE_SCANDIR 1
| #define HAVE_VSNPRINTF 1
| #define HAVE_SNPRINTF 1
| #define HAVE_STRINGS_H 1
| #define HAVE_STRCASECMP 1
| #define HAVE_LOCALE_H 1
| #define HAVE_LOCALECONV 1
| #define _FILE_OFFSET_BITS 64
| #define HAVE_LONG_LONG 1
| #define HAVE_STRTOLL 1
| /* end confdefs.h.  */
| 
| /* Override any GCC internal prototype to avoid an error.
|    Use char because int might match the return type of a GCC
|    builtin and then its argument prototype would still apply.  */
| #ifdef __cplusplus
| extern "C"
| #endif
| char dlsym ();
| int
| main ()
| {
| return dlsym ();
|   ;
|   return 0;
| }
configure:7862: gcc -o conftest    conftest.c -ldl  -lm  >&5
configure:7868: $? = 0
configure:7896: result: -ldl
configure:7917: checking dlfcn.h usability
configure:7934: gcc -c   conftest.c >&5
configure:7940: $? = 0
configure:7954: result: yes
configure:7958: checking dlfcn.h presence
configure:7973: gcc -E  conftest.c
configure:7979: $? = 0
configure:7993: result: yes
configure:8021: checking for dlfcn.h
configure:8028: result: yes
configure:8063: checking alsa/asoundlib.h usability
configure:8080: gcc -c   conftest.c >&5
configure:8086: $? = 0
configure:8100: result: yes
configure:8104: checking alsa/asoundlib.h presence
configure:8119: gcc -E  conftest.c
configure:8125: $? = 0
configure:8139: result: yes
configure:8167: checking for alsa/asoundlib.h
configure:8174: result: yes
configure:8205: checking for jpeg_CreateCompress in -ljpeg
configure:8264: result: no
configure:8298: checking for gzgets in -lz
configure:8357: result: no
configure:8393: checking for png_set_tRNS_to_alpha in -lpng
configure:8452: result: no
configure:8642: checking pthread.h usability
configure:8659: gcc -c   conftest.c >&5
configure:8665: $? = 0
configure:8679: result: yes
configure:8683: checking pthread.h presence
configure:8698: gcc -E  conftest.c
configure:8704: $? = 0
configure:8718: result: yes
configure:8746: checking for pthread.h
configure:8753: result: yes
configure:8768: checking for pthread_create using -lpthreads
configure:8793: gcc -o conftest    conftest.c -lpthreads -ldl -lm  >&5
/usr/bin/ld: cannot find -lpthreads
collect2: ld returned 1 exit status
configure:8799: $? = 1
configure: failed program was:
| /* confdefs.h.  */
| #define PACKAGE_NAME ""
| #define PACKAGE_TARNAME ""
| #define PACKAGE_VERSION ""
| #define PACKAGE_STRING ""
| #define PACKAGE_BUGREPORT ""
| #define STDC_HEADERS 1
| #define HAVE_SYS_TYPES_H 1
| #define HAVE_SYS_STAT_H 1
| #define HAVE_STDLIB_H 1
| #define HAVE_STRING_H 1
| #define HAVE_MEMORY_H 1
| #define HAVE_STRINGS_H 1
| #define HAVE_INTTYPES_H 1
| #define HAVE_STDINT_H 1
| #define HAVE_UNISTD_H 1
| #define SIZEOF_SHORT 2
| #define SIZEOF_INT 4
| #define SIZEOF_LONG 4
| #define U16 unsigned short
| #define U32 unsigned
| #define HAVE_DIRENT_H 1
| #define HAVE_SYS_SELECT_H 1
| #define HAVE_SCANDIR 1
| #define HAVE_VSNPRINTF 1
| #define HAVE_SNPRINTF 1
| #define HAVE_STRINGS_H 1
| #define HAVE_STRCASECMP 1
| #define HAVE_LOCALE_H 1
| #define HAVE_LOCALECONV 1
| #define _FILE_OFFSET_BITS 64
| #define HAVE_LONG_LONG 1
| #define HAVE_STRTOLL 1
| #define HAVE_DLSYM 1
| #define HAVE_DLFCN_H 1
| #define HAVE_ALSA_ASOUNDLIB_H 1
| #define HAVE_LIBJPEG 1
| #define HAVE_LIBZ 1
| #define HAVE_LIBPNG 1
| #define HAVE_PNG_H 1
| #define HAVE_PTHREAD_H 1
| /* end confdefs.h.  */
| #include <pthread.h>
| int
| main ()
| {
| pthread_create(0, 0, 0, 0);
|   ;
|   return 0;
| }
configure:8815: result: no
configure:8768: checking for pthread_create using -lpthread
configure:8793: gcc -o conftest    conftest.c -lpthread -ldl -lm  >&5
configure:8799: $? = 0
configure:8815: result: yes
configure:9215: checking for X
configure:9385: gcc -o conftest    conftest.c -lX11 -lpthread -ldl -lm  >&5
configure:9391: $? = 0
configure:9450: result: libraries , headers 
configure:9611: gcc -o conftest    conftest.c -lpthread -ldl -lm   -lX11 >&5
configure:9617: $? = 0
configure:9774: checking for gethostbyname
configure:9830: gcc -o conftest    conftest.c -lpthread -ldl -lm  >&5
configure:9836: $? = 0
configure:9853: result: yes
configure:9998: checking for connect
configure:10054: gcc -o conftest    conftest.c -lpthread -ldl -lm  >&5
configure:10060: $? = 0
configure:10077: result: yes
configure:10149: checking for remove
configure:10205: gcc -o conftest    conftest.c -lpthread -ldl -lm  >&5
configure:10211: $? = 0
configure:10228: result: yes
configure:10300: checking for shmat
configure:10356: gcc -o conftest    conftest.c -lpthread -ldl -lm  >&5
configure:10362: $? = 0
configure:10379: result: yes
configure:10460: checking for IceConnectionNumber in -lICE
configure:10495: gcc -o conftest    conftest.c -lICE  -lpthread -ldl -lm  >&5
configure:10501: $? = 0
configure:10519: result: yes
configure:10537: WARNING: Ignoring libraries " -lSM -lICE" requested by configure.
configure:10554: checking for library containing dlopen
configure:10595: gcc -o conftest      conftest.c -lpthread -ldl -lm  -lXext -lX11  >&5
configure:10601: $? = 0
configure:10629: result: none required
configure:10647: checking GL/gl.h usability
configure:10664: gcc -c    conftest.c >&5
configure:10670: $? = 0
configure:10684: result: yes
configure:10688: checking GL/gl.h presence
configure:10703: gcc -E  conftest.c
configure:10709: $? = 0
configure:10723: result: yes
configure:10751: checking for GL/gl.h
configure:10758: result: yes
configure:10763: checking for glXMakeCurrent in -lGL
configure:10798: gcc -o conftest      conftest.c -lGL -lm -lpthread -ldl -lm  -lXext -lX11  >&5
configure:10804: $? = 0
configure:10822: result: yes
configure:10900: checking for glXGetProcAddressARB in -lGL
configure:10935: gcc -o conftest      conftest.c -lGL -lm -lpthread -ldl -lm  -lXext -lX11  >&5
configure:10941: $? = 0
configure:10959: result: yes
configure:10982: checking GL/glu.h usability
configure:10999: gcc -c    conftest.c >&5
configure:11005: $? = 0
configure:11019: result: yes
configure:11023: checking GL/glu.h presence
configure:11038: gcc -E  conftest.c
configure:11044: $? = 0
configure:11058: result: yes
configure:11086: checking for GL/glu.h
configure:11093: result: yes
configure:11520: checking for xprop
configure:11538: found /usr/bin/xprop
configure:11550: result: /usr/bin/xprop
configure:11558: checking for X overlay visuals
configure:11573: result: no
configure:11700: checking if GCC supports -fno-exceptions
configure:11725: gcc -c   -fno-exceptions  conftest.c >&5
configure:11731: $? = 0
configure:11737: result: yes
configure:11751: checking if GCC supports -fno-strict-aliasing
configure:11776: gcc -c   -fno-strict-aliasing  conftest.c >&5
configure:11782: $? = 0
configure:11788: result: yes
configure:12159: creating ./config.status

## ---------------------- ##
## Running config.status. ##
## ---------------------- ##

This file was extended by config.status, which was
generated by GNU Autoconf 2.61.  Invocation command line was

  CONFIG_FILES    = 
  CONFIG_HEADERS  = 
  CONFIG_LINKS    = 
  CONFIG_COMMANDS = 
  $ ./config.status 

on silentoutrage

config.status:664: creating makeinclude
config.status:664: creating fltk.list
config.status:664: creating fltk-config
config.status:664: creating fltk.spec
config.status:664: creating FL/Makefile
config.status:664: creating config.h
config.status:913: config.h is unchanged

## ---------------- ##
## Cache variables. ##
## ---------------- ##

ac_cv_c_bigendian=no
ac_cv_c_compiler_gnu=yes
ac_cv_c_long_long=yes
ac_cv_cxx_bool=yes
ac_cv_cxx_compiler_gnu=yes
ac_cv_env_CCC_set=
ac_cv_env_CCC_value=
ac_cv_env_CC_set=
ac_cv_env_CC_value=
ac_cv_env_CFLAGS_set=
ac_cv_env_CFLAGS_value=
ac_cv_env_CPPFLAGS_set=
ac_cv_env_CPPFLAGS_value=
ac_cv_env_CPP_set=
ac_cv_env_CPP_value=
ac_cv_env_CXXFLAGS_set=
ac_cv_env_CXXFLAGS_value=
ac_cv_env_CXX_set=
ac_cv_env_CXX_value=
ac_cv_env_LDFLAGS_set=
ac_cv_env_LDFLAGS_value=
ac_cv_env_LIBS_set=
ac_cv_env_LIBS_value=
ac_cv_env_XMKMF_set=
ac_cv_env_XMKMF_value=
ac_cv_env_build_alias_set=
ac_cv_env_build_alias_value=
ac_cv_env_host_alias_set=
ac_cv_env_host_alias_value=
ac_cv_env_target_alias_set=
ac_cv_env_target_alias_value=
ac_cv_func_connect=yes
ac_cv_func_gethostbyname=yes
ac_cv_func_localeconv=yes
ac_cv_func_remove=yes
ac_cv_func_scandir=yes
ac_cv_func_shmat=yes
ac_cv_func_snprintf=yes
ac_cv_func_strcasecmp=yes
ac_cv_func_strlcat=no
ac_cv_func_strlcpy=no
ac_cv_func_strtoll=yes
ac_cv_func_vsnprintf=yes
ac_cv_have_overlay=no
ac_cv_have_x='have_x=yes	ac_x_includes='\'''\''	ac_x_libraries='\'''\'''
ac_cv_header_GL_gl_h=yes
ac_cv_header_GL_glu_h=yes
ac_cv_header_alsa_asoundlib_h=yes
ac_cv_header_dirent_dirent_h=yes
ac_cv_header_dlfcn_h=yes
ac_cv_header_inttypes_h=yes
ac_cv_header_locale_h=yes
ac_cv_header_memory_h=yes
ac_cv_header_pthread_h=yes
ac_cv_header_stdc=yes
ac_cv_header_stdint_h=yes
ac_cv_header_stdlib_h=yes
ac_cv_header_string_h=yes
ac_cv_header_strings_h=yes
ac_cv_header_sys_select_h=yes
ac_cv_header_sys_stat_h=yes
ac_cv_header_sys_stdtypes_h=no
ac_cv_header_sys_types_h=yes
ac_cv_header_unistd_h=yes
ac_cv_lib_GL_glXGetProcAddressARB=yes
ac_cv_lib_GL_glXMakeCurrent=yes
ac_cv_lib_ICE_IceConnectionNumber=yes
ac_cv_lib_jpeg_jpeg_CreateCompress=no
ac_cv_lib_png_png_set_tRNS_to_alpha=no
ac_cv_lib_z_gzgets=no
ac_cv_objext=o
ac_cv_path_AR=/usr/bin/ar
ac_cv_path_EGREP='/bin/grep -E'
ac_cv_path_GREP=/bin/grep
ac_cv_path_NROFF=/usr/bin/nroff
ac_cv_path_XPROP=/usr/bin/xprop
ac_cv_path_install='/usr/bin/install -c'
ac_cv_prog_CPP='gcc -E'
ac_cv_prog_ac_ct_CC=gcc
ac_cv_prog_ac_ct_CXX=g++
ac_cv_prog_ac_ct_RANLIB=ranlib
ac_cv_prog_cc_c89=
ac_cv_prog_cc_g=yes
ac_cv_prog_cxx_g=yes
ac_cv_search_dlopen='none required'
ac_cv_search_dlsym=-ldl
ac_cv_search_opendir='none required'
ac_cv_search_pow=-lm
ac_cv_sizeof_int=4
ac_cv_sizeof_long=4
ac_cv_sizeof_short=2
ac_cv_sys_file_offset_bits=64
ac_cv_sys_largefile_CC=no
ac_cv_type_int=yes
ac_cv_type_long=yes
ac_cv_type_short=yes

## ----------------- ##
## Output variables. ##
## ----------------- ##

AR='/usr/bin/ar'
ARCHFLAGS=''
AUDIOLIBS='-lasound'
CAT1EXT='1'
CAT3EXT='3'
CAT6EXT='6'
CC='gcc'
CFLAGS=' '
CPP='gcc -E'
CPPFLAGS=''
CXX='g++'
CXXFLAGS=' '
DEFS='-DHAVE_CONFIG_H'
DSOCOMMAND='echo'
DSOFLAGS=' '
DSOLINK=''
DSONAME=''
ECHO_C=''
ECHO_N='-n'
ECHO_T=''
EGREP='/bin/grep -E'
EXEEXT=''
FLDSONAME=''
FLLIBNAME='../lib/libfltk_forms.a'
FLUID='fluid'
FL_API_VERSION='1.1'
FL_MAJOR_VERSION='1'
FL_MINOR_VERSION='1'
FL_PATCH_VERSION='8'
FTCONFIG=''
GLDEMOS='gldemos'
GLDSONAME=''
GLLIB='-lGLU -lGL'
GLLIBNAME='../lib/libfltk_gl.a'
GREP='/bin/grep'
GROFF=''
HLINKS=''
HTMLDOC=''
IMAGELIBS='-lfltk_png -lfltk_z -lfltk_jpeg '
IMGDSONAME=''
IMGLIBNAME='../lib/libfltk_images.a'
INSTALL_DATA='${INSTALL} -m 644'
INSTALL_DESKTOP='install-linux'
INSTALL_PROGRAM='${INSTALL}'
INSTALL_SCRIPT='${INSTALL}'
JPEG='jpeg'
JPEGINC='-I../jpeg'
LARGEFILE=''
LDFLAGS=' '
LIBCOMMAND='/usr/bin/ar cr'
LIBEXT='.a'
LIBNAME='../lib/libfltk.a'
LIBOBJS=''
LIBS='-lpthread -ldl -lm  -lXext -lX11 '
LINKFLTK='../lib/libfltk.a'
LINKFLTKFORMS='../lib/libfltk_forms.a'
LINKFLTKGL='../lib/libfltk_gl.a'
LINKFLTKIMG='../lib/libfltk_images.a'
LINKSHARED='../lib/libfltk_images.a ../lib/libfltk_forms.a ../lib/libfltk.a'
LTLIBOBJS=''
MAKEDEPEND='$(CXX) -M'
NROFF='/usr/bin/nroff'
OBJEXT='o'
OPTIM=' -Os -Wall -Wunused -Wno-format-y2k  -fno-exceptions -fno-strict-aliasing'
PACKAGE_BUGREPORT=''
PACKAGE_NAME=''
PACKAGE_STRING=''
PACKAGE_TARNAME=''
PACKAGE_VERSION=''
PATH_SEPARATOR=':'
PNG='png'
PNGINC='-I../png'
POSTBUILD=':'
PTHREAD_FLAGS='-D_THREAD_SAFE -D_REENTRANT'
RANLIB='ranlib'
SHAREDSUFFIX=''
SHELL='/bin/bash'
THREADS='threads'
UNINSTALL_DESKTOP='uninstall-linux'
XMKMF=''
XPROP='/usr/bin/xprop'
X_CFLAGS=''
X_EXTRA_LIBS=''
X_LIBS=''
X_PRE_LIBS=' -lSM -lICE'
ZLIB='zlib'
ZLIBINC='-I../zlib'
ac_ct_CC='gcc'
ac_ct_CXX='g++'
bindir='${exec_prefix}/bin'
build_alias=''
datadir='${datarootdir}'
datarootdir='${prefix}/share'
docdir='${datarootdir}/doc/${PACKAGE}'
dvidir='${docdir}'
exec_prefix='${prefix}'
host_alias=''
htmldir='${docdir}'
includedir='${prefix}/include'
infodir='${datarootdir}/info'
libdir='${exec_prefix}/lib'
libexecdir='${exec_prefix}/libexec'
localedir='${datarootdir}/locale'
localstatedir='${prefix}/var'
mandir='${datarootdir}/man'
oldincludedir='/usr/include'
pdfdir='${docdir}'
prefix='/usr/local'
program_transform_name='s,x,x,'
psdir='${docdir}'
sbindir='${exec_prefix}/sbin'
sharedstatedir='${prefix}/com'
sysconfdir='${prefix}/etc'
target_alias=''

## ----------- ##
## confdefs.h. ##
## ----------- ##

#define PACKAGE_NAME ""
#define PACKAGE_TARNAME ""
#define PACKAGE_VERSION ""
#define PACKAGE_STRING ""
#define PACKAGE_BUGREPORT ""
#define STDC_HEADERS 1
#define HAVE_SYS_TYPES_H 1
#define HAVE_SYS_STAT_H 1
#define HAVE_STDLIB_H 1
#define HAVE_STRING_H 1
#define HAVE_MEMORY_H 1
#define HAVE_STRINGS_H 1
#define HAVE_INTTYPES_H 1
#define HAVE_STDINT_H 1
#define HAVE_UNISTD_H 1
#define SIZEOF_SHORT 2
#define SIZEOF_INT 4
#define SIZEOF_LONG 4
#define U16 unsigned short
#define U32 unsigned
#define HAVE_DIRENT_H 1
#define HAVE_SYS_SELECT_H 1
#define HAVE_SCANDIR 1
#define HAVE_VSNPRINTF 1
#define HAVE_SNPRINTF 1
#define HAVE_STRINGS_H 1
#define HAVE_STRCASECMP 1
#define HAVE_LOCALE_H 1
#define HAVE_LOCALECONV 1
#define _FILE_OFFSET_BITS 64
#define HAVE_LONG_LONG 1
#define HAVE_STRTOLL 1
#define HAVE_DLSYM 1
#define HAVE_DLFCN_H 1
#define HAVE_ALSA_ASOUNDLIB_H 1
#define HAVE_LIBJPEG 1
#define HAVE_LIBZ 1
#define HAVE_LIBPNG 1
#define HAVE_PNG_H 1
#define HAVE_PTHREAD_H 1
#define HAVE_PTHREAD 1
#define HAVE_PTHREAD 1
#define HAVE_GL 1
#define HAVE_GLXGETPROCADDRESSARB 1
#define HAVE_GL_GLU_H 1
#define FLTK_DOCDIR "/usr/local/share/doc/fltk"
#define FLTK_DATADIR "/usr/local/share/fltk"

configure: exit 0
