This file contains any messages produced by compilers while
running configure, to aid debugging if configure makes a mistake.

It was created by spark-scheme configure 0.01, which was
generated by GNU Autoconf 2.61.  Invocation command line was

  $ ./configure --enable-threads --enable-localjpeg --enable-localpng --enable-localzlib

## --------- ##
## Platform. ##
## --------- ##

hostname = silentoutrage
uname -m = i686
uname -r = 2.6.24-16-386
uname -s = Linux
uname -v = #1 Thu Apr 10 12:50:06 UTC 2008

/usr/bin/uname -p = unknown
/bin/uname -X     = unknown

/bin/arch              = unknown
/usr/bin/arch -k       = unknown
/usr/convex/getsysinfo = unknown
/usr/bin/hostinfo      = unknown
/bin/machine           = unknown
/usr/bin/oslevel       = unknown
/bin/universe          = unknown

PATH: /usr/local/sbin
PATH: /usr/local/bin
PATH: /usr/sbin
PATH: /usr/bin
PATH: /sbin
PATH: /bin
PATH: /usr/bin/X11
PATH: /usr/games


## ----------- ##
## Core tests. ##
## ----------- ##

configure:1789: checking for a BSD-compatible install
configure:1845: result: /usr/bin/install -c
configure:1856: checking whether build environment is sane
configure:1899: result: yes
configure:1964: checking for gawk
configure:1994: result: no
configure:1964: checking for mawk
configure:1980: found /usr/bin/mawk
configure:1991: result: mawk
configure:2002: checking whether make sets $(MAKE)
configure:2023: result: yes
configure:2291: checking for g++
configure:2307: found /usr/bin/g++
configure:2318: result: g++
configure:2349: checking for C++ compiler version
configure:2356: g++ --version >&5
g++ (Ubuntu 4.3.2-1ubuntu12) 4.3.2
Copyright (C) 2008 Free Software Foundation, Inc.
This is free software; see the source for copying conditions.  There is NO
warranty; not even for MERCHANTABILITY or FITNESS FOR A PARTICULAR PURPOSE.

configure:2359: $? = 0
configure:2366: g++ -v >&5
Using built-in specs.
Target: i486-linux-gnu
Configured with: ../src/configure -v --with-pkgversion='Ubuntu 4.3.2-1ubuntu12' --with-bugurl=file:///usr/share/doc/gcc-4.3/README.Bugs --enable-languages=c,c++,fortran,objc,obj-c++ --prefix=/usr --enable-shared --with-system-zlib --libexecdir=/usr/lib --without-included-gettext --enable-threads=posix --enable-nls --with-gxx-include-dir=/usr/include/c++/4.3 --program-suffix=-4.3 --enable-clocale=gnu --enable-libstdcxx-debug --enable-objc-gc --enable-mpfr --enable-targets=all --enable-checking=release --build=i486-linux-gnu --host=i486-linux-gnu --target=i486-linux-gnu
Thread model: posix
gcc version 4.3.2 (Ubuntu 4.3.2-1ubuntu12) 
configure:2369: $? = 0
configure:2376: g++ -V >&5
g++: '-V' option must have argument
configure:2379: $? = 1
configure:2402: checking for C++ compiler default output file name
configure:2429: g++    conftest.cpp  >&5
configure:2432: $? = 0
configure:2470: result: a.out
configure:2487: checking whether the C++ compiler works
configure:2497: ./a.out
configure:2500: $? = 0
configure:2517: result: yes
configure:2524: checking whether we are cross compiling
configure:2526: result: no
configure:2529: checking for suffix of executables
configure:2536: g++ -o conftest    conftest.cpp  >&5
configure:2539: $? = 0
configure:2563: result: 
configure:2569: checking for suffix of object files
configure:2595: g++ -c   conftest.cpp >&5
configure:2598: $? = 0
configure:2621: result: o
configure:2625: checking whether we are using the GNU C++ compiler
configure:2654: g++ -c   conftest.cpp >&5
configure:2660: $? = 0
configure:2677: result: yes
configure:2682: checking whether g++ accepts -g
configure:2712: g++ -c -g  conftest.cpp >&5
configure:2718: $? = 0
configure:2817: result: yes
configure:2851: checking for style of include used by make
configure:2879: result: GNU
configure:2907: checking dependency style of g++
configure:2997: result: gcc3
configure:3062: checking for gcc
configure:3078: found /usr/bin/gcc
configure:3089: result: gcc
configure:3327: checking for C compiler version
configure:3334: gcc --version >&5
gcc (Ubuntu 4.3.2-1ubuntu12) 4.3.2
Copyright (C) 2008 Free Software Foundation, Inc.
This is free software; see the source for copying conditions.  There is NO
warranty; not even for MERCHANTABILITY or FITNESS FOR A PARTICULAR PURPOSE.

configure:3337: $? = 0
configure:3344: gcc -v >&5
Using built-in specs.
Target: i486-linux-gnu
Configured with: ../src/configure -v --with-pkgversion='Ubuntu 4.3.2-1ubuntu12' --with-bugurl=file:///usr/share/doc/gcc-4.3/README.Bugs --enable-languages=c,c++,fortran,objc,obj-c++ --prefix=/usr --enable-shared --with-system-zlib --libexecdir=/usr/lib --without-included-gettext --enable-threads=posix --enable-nls --with-gxx-include-dir=/usr/include/c++/4.3 --program-suffix=-4.3 --enable-clocale=gnu --enable-libstdcxx-debug --enable-objc-gc --enable-mpfr --enable-targets=all --enable-checking=release --build=i486-linux-gnu --host=i486-linux-gnu --target=i486-linux-gnu
Thread model: posix
gcc version 4.3.2 (Ubuntu 4.3.2-1ubuntu12) 
configure:3347: $? = 0
configure:3354: gcc -V >&5
gcc: '-V' option must have argument
configure:3357: $? = 1
configure:3360: checking whether we are using the GNU C compiler
configure:3389: gcc -c   conftest.c >&5
configure:3395: $? = 0
configure:3412: result: yes
configure:3417: checking whether gcc accepts -g
configure:3447: gcc -c -g  conftest.c >&5
configure:3453: $? = 0
configure:3552: result: yes
configure:3569: checking for gcc option to accept ISO C89
configure:3643: gcc  -c -g -O2  conftest.c >&5
configure:3649: $? = 0
configure:3672: result: none needed
configure:3692: checking dependency style of gcc
configure:3782: result: gcc3
configure:3803: checking for XResizeWindow in -lX11
configure:3838: gcc -o conftest -g -O2   conftest.c -lX11   >&5
configure:3844: $? = 0
configure:3862: result: yes
configure:3878: checking for XextRemoveDisplay in -lXext
configure:3913: gcc -o conftest -g -O2   conftest.c -lXext  -lX11  >&5
configure:3919: $? = 0
configure:3937: result: yes
configure:3953: checking for curl_easy_init in -lcurl
configure:3988: gcc -o conftest -g -O2   conftest.c -lcurl  -lXext -lX11  >&5
configure:3994: $? = 0
configure:4012: result: yes
configure:4028: checking for dlopen in -ldl
configure:4063: gcc -o conftest -g -O2   conftest.c -ldl  -lcurl -lXext -lX11  >&5
configure:4069: $? = 0
configure:4087: result: yes
configure:4099: checking for XML_ParseBuffer in -lexpat
configure:4134: gcc -o conftest -g -O2   conftest.c -lexpat  -ldl -lcurl -lXext -lX11  >&5
configure:4140: $? = 0
configure:4158: result: yes
configure:4174: checking for floor in -lm
configure:4209: gcc -o conftest -g -O2   conftest.c -lm  -lexpat -ldl -lcurl -lXext -lX11  >&5
conftest.c:22: warning: conflicting types for built-in function 'floor'
configure:4215: $? = 0
configure:4233: result: yes
configure:4245: checking for pthread_create in -lpthread
configure:4280: gcc -o conftest -g -O2   conftest.c -lpthread  -lm -lexpat -ldl -lcurl -lXext -lX11  >&5
configure:4286: $? = 0
configure:4304: result: yes
configure:4316: checking for glBegin in -lGL
configure:4351: gcc -o conftest -g -O2   conftest.c -lGL  -lpthread -lm -lexpat -ldl -lcurl -lXext -lX11  >&5
configure:4357: $? = 0
configure:4375: result: yes
configure:4391: checking for gluLookAt in -lGLU
configure:4426: gcc -o conftest -g -O2   conftest.c -lGLU  -lGL -lpthread -lm -lexpat -ldl -lcurl -lXext -lX11  >&5
configure:4432: $? = 0
configure:4450: result: yes
configure:4468: checking for SSL_use_certificate in -lssl
configure:4503: gcc -o conftest -g -O2   conftest.c -lssl  -lGLU -lGL -lpthread -lm -lexpat -ldl -lcurl -lXext -lX11  >&5
configure:4509: $? = 0
configure:4527: result: yes
configure:4543: checking for SQLAllocHandle in -lodbc
configure:4578: gcc -o conftest -g -O2   conftest.c -lodbc  -lssl -lGLU -lGL -lpthread -lm -lexpat -ldl -lcurl -lXext -lX11  >&5
configure:4584: $? = 0
configure:4602: result: yes
configure:4618: checking for gzwrite in -lz
configure:4653: gcc -o conftest -g -O2   conftest.c -lz  -lodbc -lssl -lGLU -lGL -lpthread -lm -lexpat -ldl -lcurl -lXext -lX11  >&5
configure:4659: $? = 0
configure:4677: result: yes
configure:4695: checking how to run the C preprocessor
configure:4735: gcc -E  conftest.c
configure:4741: $? = 0
configure:4772: gcc -E  conftest.c
conftest.c:22:28: error: ac_nonexistent.h: No such file or directory
configure:4778: $? = 1
configure: failed program was:
| /* confdefs.h.  */
| #define PACKAGE_NAME "spark-scheme"
| #define PACKAGE_TARNAME "spark-scheme"
| #define PACKAGE_VERSION "0.01"
| #define PACKAGE_STRING "spark-scheme 0.01"
| #define PACKAGE_BUGREPORT "vijay.the.schemer@gmail.com"
| #define PACKAGE "spark-scheme"
| #define VERSION "0.01"
| #define HAVE_LIBX11 1
| #define HAVE_LIBXEXT 1
| #define HAVE_LIBCURL 1
| #define HAVE_LIBDL 1
| #define HAVE_LIBEXPAT 1
| #define HAVE_LIBM 1
| #define HAVE_LIBPTHREAD 1
| #define HAVE_LIBGL 1
| #define HAVE_LIBGLU 1
| #define HAVE_LIBSSL 1
| #define HAVE_LIBODBC 1
| #define HAVE_LIBZ 1
| /* end confdefs.h.  */
| #include <ac_nonexistent.h>
configure:4811: result: gcc -E
configure:4840: gcc -E  conftest.c
configure:4846: $? = 0
configure:4877: gcc -E  conftest.c
conftest.c:22:28: error: ac_nonexistent.h: No such file or directory
configure:4883: $? = 1
configure: failed program was:
| /* confdefs.h.  */
| #define PACKAGE_NAME "spark-scheme"
| #define PACKAGE_TARNAME "spark-scheme"
| #define PACKAGE_VERSION "0.01"
| #define PACKAGE_STRING "spark-scheme 0.01"
| #define PACKAGE_BUGREPORT "vijay.the.schemer@gmail.com"
| #define PACKAGE "spark-scheme"
| #define VERSION "0.01"
| #define HAVE_LIBX11 1
| #define HAVE_LIBXEXT 1
| #define HAVE_LIBCURL 1
| #define HAVE_LIBDL 1
| #define HAVE_LIBEXPAT 1
| #define HAVE_LIBM 1
| #define HAVE_LIBPTHREAD 1
| #define HAVE_LIBGL 1
| #define HAVE_LIBGLU 1
| #define HAVE_LIBSSL 1
| #define HAVE_LIBODBC 1
| #define HAVE_LIBZ 1
| /* end confdefs.h.  */
| #include <ac_nonexistent.h>
configure:4921: checking for grep that handles long lines and -e
configure:4995: result: /bin/grep
configure:5000: checking for egrep
configure:5078: result: /bin/grep -E
configure:5083: checking for ANSI C header files
configure:5113: gcc -c -g -O2  conftest.c >&5
configure:5119: $? = 0
configure:5218: gcc -o conftest -g -O2   conftest.c -lz -lodbc -lssl -lGLU -lGL -lpthread -lm -lexpat -ldl -lcurl -lXext -lX11  >&5
configure:5221: $? = 0
configure:5227: ./conftest
configure:5230: $? = 0
configure:5247: result: yes
configure:5271: checking for sys/types.h
configure:5292: gcc -c -g -O2  conftest.c >&5
configure:5298: $? = 0
configure:5314: result: yes
configure:5271: checking for sys/stat.h
configure:5292: gcc -c -g -O2  conftest.c >&5
configure:5298: $? = 0
configure:5314: result: yes
configure:5271: checking for stdlib.h
configure:5292: gcc -c -g -O2  conftest.c >&5
configure:5298: $? = 0
configure:5314: result: yes
configure:5271: checking for string.h
configure:5292: gcc -c -g -O2  conftest.c >&5
configure:5298: $? = 0
configure:5314: result: yes
configure:5271: checking for memory.h
configure:5292: gcc -c -g -O2  conftest.c >&5
configure:5298: $? = 0
configure:5314: result: yes
configure:5271: checking for strings.h
configure:5292: gcc -c -g -O2  conftest.c >&5
configure:5298: $? = 0
configure:5314: result: yes
configure:5271: checking for inttypes.h
configure:5292: gcc -c -g -O2  conftest.c >&5
configure:5298: $? = 0
configure:5314: result: yes
configure:5271: checking for stdint.h
configure:5292: gcc -c -g -O2  conftest.c >&5
configure:5298: $? = 0
configure:5314: result: yes
configure:5271: checking for unistd.h
configure:5292: gcc -c -g -O2  conftest.c >&5
configure:5298: $? = 0
configure:5314: result: yes
configure:5347: checking arpa/inet.h usability
configure:5364: gcc -c -g -O2  conftest.c >&5
configure:5370: $? = 0
configure:5384: result: yes
configure:5388: checking arpa/inet.h presence
configure:5403: gcc -E  conftest.c
configure:5409: $? = 0
configure:5423: result: yes
configure:5456: checking for arpa/inet.h
configure:5464: result: yes
configure:5347: checking fcntl.h usability
configure:5364: gcc -c -g -O2  conftest.c >&5
configure:5370: $? = 0
configure:5384: result: yes
configure:5388: checking fcntl.h presence
configure:5403: gcc -E  conftest.c
configure:5409: $? = 0
configure:5423: result: yes
configure:5456: checking for fcntl.h
configure:5464: result: yes
configure:5347: checking netdb.h usability
configure:5364: gcc -c -g -O2  conftest.c >&5
configure:5370: $? = 0
configure:5384: result: yes
configure:5388: checking netdb.h presence
configure:5403: gcc -E  conftest.c
configure:5409: $? = 0
configure:5423: result: yes
configure:5456: checking for netdb.h
configure:5464: result: yes
configure:5347: checking netinet/in.h usability
configure:5364: gcc -c -g -O2  conftest.c >&5
configure:5370: $? = 0
configure:5384: result: yes
configure:5388: checking netinet/in.h presence
configure:5403: gcc -E  conftest.c
configure:5409: $? = 0
configure:5423: result: yes
configure:5456: checking for netinet/in.h
configure:5464: result: yes
configure:5347: checking sys/socket.h usability
configure:5364: gcc -c -g -O2  conftest.c >&5
configure:5370: $? = 0
configure:5384: result: yes
configure:5388: checking sys/socket.h presence
configure:5403: gcc -E  conftest.c
configure:5409: $? = 0
configure:5423: result: yes
configure:5456: checking for sys/socket.h
configure:5464: result: yes
configure:5337: checking for unistd.h
configure:5343: result: yes
configure:5347: checking sql.h usability
configure:5364: gcc -c -g -O2  conftest.c >&5
configure:5370: $? = 0
configure:5384: result: yes
configure:5388: checking sql.h presence
configure:5403: gcc -E  conftest.c
configure:5409: $? = 0
configure:5423: result: yes
configure:5456: checking for sql.h
configure:5464: result: yes
configure:5479: checking for stdbool.h that conforms to C99
configure:5572: gcc -c -g -O2  conftest.c >&5
configure:5578: $? = 0
configure:5593: result: yes
configure:5595: checking for _Bool
configure:5625: gcc -c -g -O2  conftest.c >&5
configure:5631: $? = 0
configure:5646: result: yes
configure:5665: checking for an ANSI C-conforming const
configure:5740: gcc -c -g -O2  conftest.c >&5
configure:5746: $? = 0
configure:5761: result: yes
configure:5771: checking for size_t
configure:5801: gcc -c -g -O2  conftest.c >&5
configure:5807: $? = 0
configure:5822: result: yes
configure:5834: checking whether time.h and sys/time.h may both be included
configure:5864: gcc -c -g -O2  conftest.c >&5
configure:5870: $? = 0
configure:5885: result: yes
configure:5895: checking for working volatile
configure:5924: gcc -c -g -O2  conftest.c >&5
configure:5930: $? = 0
configure:5945: result: yes
configure:5957: checking for ANSI C header files
configure:6121: result: yes
configure:6147: checking sys/select.h usability
configure:6164: gcc -c -g -O2  conftest.c >&5
configure:6170: $? = 0
configure:6184: result: yes
configure:6188: checking sys/select.h presence
configure:6203: gcc -E  conftest.c
configure:6209: $? = 0
configure:6223: result: yes
configure:6256: checking for sys/select.h
configure:6264: result: yes
configure:6137: checking for sys/socket.h
configure:6143: result: yes
configure:6277: checking types of arguments for select
configure:6315: gcc -c -g -O2  conftest.c >&5
configure:6321: $? = 0
configure:6342: result: int,fd_set *,struct timeval *
configure:6376: checking for gethostbyname
configure:6432: gcc -o conftest -g -O2   conftest.c -lz -lodbc -lssl -lGLU -lGL -lpthread -lm -lexpat -ldl -lcurl -lXext -lX11  >&5
configure:6438: $? = 0
configure:6456: result: yes
configure:6376: checking for gethostname
configure:6432: gcc -o conftest -g -O2   conftest.c -lz -lodbc -lssl -lGLU -lGL -lpthread -lm -lexpat -ldl -lcurl -lXext -lX11  >&5
configure:6438: $? = 0
configure:6456: result: yes
configure:6376: checking for inet_ntoa
configure:6432: gcc -o conftest -g -O2   conftest.c -lz -lodbc -lssl -lGLU -lGL -lpthread -lm -lexpat -ldl -lcurl -lXext -lX11  >&5
configure:6438: $? = 0
configure:6456: result: yes
configure:6376: checking for memset
configure:6432: gcc -o conftest -g -O2   conftest.c -lz -lodbc -lssl -lGLU -lGL -lpthread -lm -lexpat -ldl -lcurl -lXext -lX11  >&5
conftest.c:74: warning: conflicting types for built-in function 'memset'
configure:6438: $? = 0
configure:6456: result: yes
configure:6376: checking for select
configure:6432: gcc -o conftest -g -O2   conftest.c -lz -lodbc -lssl -lGLU -lGL -lpthread -lm -lexpat -ldl -lcurl -lXext -lX11  >&5
configure:6438: $? = 0
configure:6456: result: yes
configure:6376: checking for setenv
configure:6432: gcc -o conftest -g -O2   conftest.c -lz -lodbc -lssl -lGLU -lGL -lpthread -lm -lexpat -ldl -lcurl -lXext -lX11  >&5
configure:6438: $? = 0
configure:6456: result: yes
configure:6376: checking for socket
configure:6432: gcc -o conftest -g -O2   conftest.c -lz -lodbc -lssl -lGLU -lGL -lpthread -lm -lexpat -ldl -lcurl -lXext -lX11  >&5
configure:6438: $? = 0
configure:6456: result: yes
configure:6376: checking for strerror
configure:6432: gcc -o conftest -g -O2   conftest.c -lz -lodbc -lssl -lGLU -lGL -lpthread -lm -lexpat -ldl -lcurl -lXext -lX11  >&5
configure:6438: $? = 0
configure:6456: result: yes
configure:6599: creating ./config.status

## ---------------------- ##
## Running config.status. ##
## ---------------------- ##

This file was extended by spark-scheme config.status 0.01, which was
generated by GNU Autoconf 2.61.  Invocation command line was

  CONFIG_FILES    = 
  CONFIG_HEADERS  = 
  CONFIG_LINKS    = 
  CONFIG_COMMANDS = 
  $ ./config.status 

on silentoutrage

config.status:641: creating Makefile
config.status:641: creating src/Makefile
config.status:641: creating config.h
config.status:905: config.h is unchanged
config.status:951: executing depfiles commands
configure:7869: === configuring in libs/mzs/src (/home/vijay/Projects/spark/libs/mzs/src)
configure:7972: running /bin/bash ./configure '--prefix=/usr/local'  '--enable-threads' '--enable-localjpeg' '--enable-localpng' '--enable-localzlib' --cache-file=/dev/null --srcdir=.
configure:7869: === configuring in libs/sqlite (/home/vijay/Projects/spark/libs/sqlite)
configure:7972: running /bin/bash ./configure '--prefix=/usr/local'  '--enable-threads' '--enable-localjpeg' '--enable-localpng' '--enable-localzlib' --cache-file=/dev/null --srcdir=.
configure:7869: === configuring in libs/fltk (/home/vijay/Projects/spark/libs/fltk)
configure:7972: running /bin/bash ./configure '--prefix=/usr/local'  '--enable-threads' '--enable-localjpeg' '--enable-localpng' '--enable-localzlib' --cache-file=/dev/null --srcdir=.

## ---------------- ##
## Cache variables. ##
## ---------------- ##

ac_cv_c_compiler_gnu=yes
ac_cv_c_const=yes
ac_cv_c_volatile=yes
ac_cv_cxx_compiler_gnu=yes
ac_cv_env_CCC_set=
ac_cv_env_CCC_value=
ac_cv_env_CC_set=
ac_cv_env_CC_value=
ac_cv_env_CFLAGS_set=
ac_cv_env_CFLAGS_value=
ac_cv_env_CPPFLAGS_set=
ac_cv_env_CPPFLAGS_value=
ac_cv_env_CPP_set=
ac_cv_env_CPP_value=
ac_cv_env_CXXFLAGS_set=
ac_cv_env_CXXFLAGS_value=
ac_cv_env_CXX_set=
ac_cv_env_CXX_value=
ac_cv_env_LDFLAGS_set=
ac_cv_env_LDFLAGS_value=
ac_cv_env_LIBS_set=
ac_cv_env_LIBS_value=
ac_cv_env_build_alias_set=
ac_cv_env_build_alias_value=
ac_cv_env_host_alias_set=
ac_cv_env_host_alias_value=
ac_cv_env_target_alias_set=
ac_cv_env_target_alias_value=
ac_cv_func_gethostbyname=yes
ac_cv_func_gethostname=yes
ac_cv_func_inet_ntoa=yes
ac_cv_func_memset=yes
ac_cv_func_select=yes
ac_cv_func_select_args='int,fd_set *,struct timeval *'
ac_cv_func_setenv=yes
ac_cv_func_socket=yes
ac_cv_func_strerror=yes
ac_cv_header_arpa_inet_h=yes
ac_cv_header_fcntl_h=yes
ac_cv_header_inttypes_h=yes
ac_cv_header_memory_h=yes
ac_cv_header_netdb_h=yes
ac_cv_header_netinet_in_h=yes
ac_cv_header_sql_h=yes
ac_cv_header_stdbool_h=yes
ac_cv_header_stdc=yes
ac_cv_header_stdint_h=yes
ac_cv_header_stdlib_h=yes
ac_cv_header_string_h=yes
ac_cv_header_strings_h=yes
ac_cv_header_sys_select_h=yes
ac_cv_header_sys_socket_h=yes
ac_cv_header_sys_stat_h=yes
ac_cv_header_sys_types_h=yes
ac_cv_header_time=yes
ac_cv_header_unistd_h=yes
ac_cv_lib_GLU_gluLookAt=yes
ac_cv_lib_GL_glBegin=yes
ac_cv_lib_X11_XResizeWindow=yes
ac_cv_lib_Xext_XextRemoveDisplay=yes
ac_cv_lib_curl_curl_easy_init=yes
ac_cv_lib_dl_dlopen=yes
ac_cv_lib_expat_XML_ParseBuffer=yes
ac_cv_lib_m_floor=yes
ac_cv_lib_odbc_SQLAllocHandle=yes
ac_cv_lib_pthread_pthread_create=yes
ac_cv_lib_ssl_SSL_use_certificate=yes
ac_cv_lib_z_gzwrite=yes
ac_cv_objext=o
ac_cv_path_EGREP='/bin/grep -E'
ac_cv_path_GREP=/bin/grep
ac_cv_path_install='/usr/bin/install -c'
ac_cv_prog_AWK=mawk
ac_cv_prog_CPP='gcc -E'
ac_cv_prog_ac_ct_CC=gcc
ac_cv_prog_ac_ct_CXX=g++
ac_cv_prog_cc_c89=
ac_cv_prog_cc_g=yes
ac_cv_prog_cxx_g=yes
ac_cv_prog_make_make_set=yes
ac_cv_type__Bool=yes
ac_cv_type_size_t=yes
am_cv_CC_dependencies_compiler_type=gcc3
am_cv_CXX_dependencies_compiler_type=gcc3

## ----------------- ##
## Output variables. ##
## ----------------- ##

ACLOCAL='${SHELL} /home/vijay/Projects/spark/missing --run aclocal-1.9'
AMDEPBACKSLASH='\'
AMDEP_FALSE='#'
AMDEP_TRUE=''
AMTAR='${SHELL} /home/vijay/Projects/spark/missing --run tar'
AUTOCONF='${SHELL} /home/vijay/Projects/spark/missing --run autoconf'
AUTOHEADER='${SHELL} /home/vijay/Projects/spark/missing --run autoheader'
AUTOMAKE='${SHELL} /home/vijay/Projects/spark/missing --run automake-1.9'
AWK='mawk'
CC='gcc'
CCDEPMODE='depmode=gcc3'
CFLAGS='-g -O2'
CPP='gcc -E'
CPPFLAGS=''
CXX='g++'
CXXDEPMODE='depmode=gcc3'
CXXFLAGS='-g -O2'
CYGPATH_W='echo'
DEFS='-DHAVE_CONFIG_H'
DEPDIR='.deps'
ECHO_C=''
ECHO_N='-n'
ECHO_T=''
EGREP='/bin/grep -E'
EXEEXT=''
GREP='/bin/grep'
INSTALL_DATA='${INSTALL} -m 644'
INSTALL_PROGRAM='${INSTALL}'
INSTALL_SCRIPT='${INSTALL}'
INSTALL_STRIP_PROGRAM='${SHELL} $(install_sh) -c -s'
LDFLAGS=''
LIBOBJS=''
LIBS='-lz -lodbc -lssl -lGLU -lGL -lpthread -lm -lexpat -ldl -lcurl -lXext -lX11 '
LTLIBOBJS=''
MAKEINFO='${SHELL} /home/vijay/Projects/spark/missing --run makeinfo'
OBJEXT='o'
PACKAGE='spark-scheme'
PACKAGE_BUGREPORT='vijay.the.schemer@gmail.com'
PACKAGE_NAME='spark-scheme'
PACKAGE_STRING='spark-scheme 0.01'
PACKAGE_TARNAME='spark-scheme'
PACKAGE_VERSION='0.01'
PATH_SEPARATOR=':'
SET_MAKE=''
SHELL='/bin/bash'
STRIP=''
VERSION='0.01'
ac_ct_CC='gcc'
ac_ct_CXX='g++'
am__fastdepCC_FALSE='#'
am__fastdepCC_TRUE=''
am__fastdepCXX_FALSE='#'
am__fastdepCXX_TRUE=''
am__include='include'
am__leading_dot='.'
am__quote=''
am__tar='${AMTAR} chof - "$$tardir"'
am__untar='${AMTAR} xf -'
bindir='${exec_prefix}/bin'
build_alias=''
datadir='${datarootdir}'
datarootdir='${prefix}/share'
docdir='${datarootdir}/doc/${PACKAGE_TARNAME}'
dvidir='${docdir}'
exec_prefix='${prefix}'
host_alias=''
htmldir='${docdir}'
includedir='${prefix}/include'
infodir='${datarootdir}/info'
install_sh='/home/vijay/Projects/spark/install-sh'
libdir='${exec_prefix}/lib'
libexecdir='${exec_prefix}/libexec'
localedir='${datarootdir}/locale'
localstatedir='${prefix}/var'
mandir='${datarootdir}/man'
mkdir_p='mkdir -p --'
oldincludedir='/usr/include'
pdfdir='${docdir}'
prefix='/usr/local'
program_transform_name='s,x,x,'
psdir='${docdir}'
sbindir='${exec_prefix}/sbin'
sharedstatedir='${prefix}/com'
subdirs=' libs/mzs/src libs/sqlite libs/fltk'
sysconfdir='${prefix}/etc'
target_alias=''

## ----------- ##
## confdefs.h. ##
## ----------- ##

#define PACKAGE_NAME "spark-scheme"
#define PACKAGE_TARNAME "spark-scheme"
#define PACKAGE_VERSION "0.01"
#define PACKAGE_STRING "spark-scheme 0.01"
#define PACKAGE_BUGREPORT "vijay.the.schemer@gmail.com"
#define PACKAGE "spark-scheme"
#define VERSION "0.01"
#define HAVE_LIBX11 1
#define HAVE_LIBXEXT 1
#define HAVE_LIBCURL 1
#define HAVE_LIBDL 1
#define HAVE_LIBEXPAT 1
#define HAVE_LIBM 1
#define HAVE_LIBPTHREAD 1
#define HAVE_LIBGL 1
#define HAVE_LIBGLU 1
#define HAVE_LIBSSL 1
#define HAVE_LIBODBC 1
#define HAVE_LIBZ 1
#define STDC_HEADERS 1
#define HAVE_SYS_TYPES_H 1
#define HAVE_SYS_STAT_H 1
#define HAVE_STDLIB_H 1
#define HAVE_STRING_H 1
#define HAVE_MEMORY_H 1
#define HAVE_STRINGS_H 1
#define HAVE_INTTYPES_H 1
#define HAVE_STDINT_H 1
#define HAVE_UNISTD_H 1
#define HAVE_ARPA_INET_H 1
#define HAVE_FCNTL_H 1
#define HAVE_NETDB_H 1
#define HAVE_NETINET_IN_H 1
#define HAVE_SYS_SOCKET_H 1
#define HAVE_UNISTD_H 1
#define HAVE_SQL_H 1
#define HAVE__BOOL 1
#define HAVE_STDBOOL_H 1
#define TIME_WITH_SYS_TIME 1
#define STDC_HEADERS 1
#define HAVE_SYS_SELECT_H 1
#define HAVE_SYS_SOCKET_H 1
#define SELECT_TYPE_ARG1 int
#define SELECT_TYPE_ARG234 (fd_set *)
#define SELECT_TYPE_ARG5 (struct timeval *)
#define HAVE_GETHOSTBYNAME 1
#define HAVE_GETHOSTNAME 1
#define HAVE_INET_NTOA 1
#define HAVE_MEMSET 1
#define HAVE_SELECT 1
#define HAVE_SETENV 1
#define HAVE_SOCKET 1
#define HAVE_STRERROR 1

configure: exit 0
