This file contains any messages produced by compilers while
running configure, to aid debugging if configure makes a mistake.

It was created by libffi configure 2.1, which was
generated by GNU Autoconf 2.59.  Invocation command line was

  $ ./configure --prefix=/usr/local --disable-option-checking --prefix=/usr/local --enable-threads --enable-localjpeg --enable-localpng --enable-localzlib --cache-file=/dev/null --srcdir=. --disable-multilib --cache-file=/dev/null --srcdir=.

## --------- ##
## Platform. ##
## --------- ##

hostname = silentoutrage
uname -m = i686
uname -r = 2.6.24-16-386
uname -s = Linux
uname -v = #1 Thu Apr 10 12:50:06 UTC 2008

/usr/bin/uname -p = unknown
/bin/uname -X     = unknown

/bin/arch              = unknown
/usr/bin/arch -k       = unknown
/usr/convex/getsysinfo = unknown
hostinfo               = unknown
/bin/machine           = unknown
/usr/bin/oslevel       = unknown
/bin/universe          = unknown

PATH: /usr/local/sbin
PATH: /usr/local/bin
PATH: /usr/sbin
PATH: /usr/bin
PATH: /sbin
PATH: /bin
PATH: /usr/bin/X11
PATH: /usr/games


## ----------- ##
## Core tests. ##
## ----------- ##

configure:1400: checking build system type
configure:1418: result: i686-pc-linux-gnu
configure:1426: checking host system type
configure:1440: result: i686-pc-linux-gnu
configure:1448: checking target system type
configure:1462: result: i686-pc-linux-gnu
configure:1494: checking for a BSD-compatible install
configure:1549: result: /usr/bin/install -c
configure:1560: checking whether build environment is sane
configure:1603: result: yes
configure:1668: checking for gawk
configure:1697: result: no
configure:1668: checking for mawk
configure:1684: found /usr/bin/mawk
configure:1694: result: mawk
configure:1704: checking whether make sets $(MAKE)
configure:1724: result: yes
configure:1946: checking for gcc
configure:1962: found /usr/bin/gcc
configure:1972: result: gcc
configure:2216: checking for C compiler version
configure:2219: gcc --version </dev/null >&5
gcc (Ubuntu 4.3.3-5ubuntu4) 4.3.3
Copyright (C) 2008 Free Software Foundation, Inc.
This is free software; see the source for copying conditions.  There is NO
warranty; not even for MERCHANTABILITY or FITNESS FOR A PARTICULAR PURPOSE.

configure:2222: $? = 0
configure:2224: gcc -v </dev/null >&5
Using built-in specs.
Target: i486-linux-gnu
Configured with: ../src/configure -v --with-pkgversion='Ubuntu 4.3.3-5ubuntu4' --with-bugurl=file:///usr/share/doc/gcc-4.3/README.Bugs --enable-languages=c,c++,fortran,objc,obj-c++ --prefix=/usr --enable-shared --with-system-zlib --libexecdir=/usr/lib --without-included-gettext --enable-threads=posix --enable-nls --with-gxx-include-dir=/usr/include/c++/4.3 --program-suffix=-4.3 --enable-clocale=gnu --enable-libstdcxx-debug --enable-objc-gc --enable-mpfr --enable-targets=all --with-tune=generic --enable-checking=release --build=i486-linux-gnu --host=i486-linux-gnu --target=i486-linux-gnu
Thread model: posix
gcc version 4.3.3 (Ubuntu 4.3.3-5ubuntu4) 
configure:2227: $? = 0
configure:2229: gcc -V </dev/null >&5
gcc: '-V' option must have argument
configure:2232: $? = 1
configure:2255: checking for C compiler default output file name
configure:2258: gcc    conftest.c  >&5
configure:2261: $? = 0
configure:2307: result: a.out
configure:2312: checking whether the C compiler works
configure:2318: ./a.out
configure:2321: $? = 0
configure:2338: result: yes
configure:2345: checking whether we are cross compiling
configure:2347: result: no
configure:2350: checking for suffix of executables
configure:2352: gcc -o conftest    conftest.c  >&5
configure:2355: $? = 0
configure:2380: result: 
configure:2386: checking for suffix of object files
configure:2407: gcc -c   conftest.c >&5
configure:2410: $? = 0
configure:2432: result: o
configure:2436: checking whether we are using the GNU C compiler
configure:2460: gcc -c   conftest.c >&5
configure:2466: $? = 0
configure:2470: test -z 
			 || test ! -s conftest.err
configure:2473: $? = 0
configure:2476: test -s conftest.o
configure:2479: $? = 0
configure:2492: result: yes
configure:2498: checking whether gcc accepts -g
configure:2519: gcc -c -g  conftest.c >&5
configure:2525: $? = 0
configure:2529: test -z 
			 || test ! -s conftest.err
configure:2532: $? = 0
configure:2535: test -s conftest.o
configure:2538: $? = 0
configure:2549: result: yes
configure:2566: checking for gcc option to accept ANSI C
configure:2636: gcc  -c -g -O2  conftest.c >&5
configure:2642: $? = 0
configure:2646: test -z 
			 || test ! -s conftest.err
configure:2649: $? = 0
configure:2652: test -s conftest.o
configure:2655: $? = 0
configure:2673: result: none needed
configure:2691: gcc -c -g -O2  conftest.c >&5
conftest.c:2: error: expected '=', ',', ';', 'asm' or '__attribute__' before 'me'
configure:2697: $? = 1
configure: failed program was:
| #ifndef __cplusplus
|   choke me
| #endif
configure:2841: checking for style of include used by make
configure:2869: result: GNU
configure:2897: checking dependency style of gcc
configure:2987: result: gcc3
configure:3016: checking whether gcc and cc understand -c and -o together
configure:3046: gcc -c conftest.c -o conftest.o >&5
configure:3049: $? = 0
configure:3051: gcc -c conftest.c -o conftest.o >&5
configure:3054: $? = 0
configure:3061: cc -c conftest.c >&5
configure:3064: $? = 0
configure:3067: cc -c conftest.c -o conftest.o >&5
configure:3070: $? = 0
configure:3072: cc -c conftest.c -o conftest.o >&5
configure:3075: $? = 0
configure:3093: result: yes
configure:3195: checking for ld used by GCC
configure:3258: result: /usr/bin/ld
configure:3267: checking if the linker (/usr/bin/ld) is GNU ld
GNU ld (GNU Binutils for Ubuntu) 2.19.1
configure:3279: result: yes
configure:3284: checking for /usr/bin/ld option to reload object files
configure:3291: result: -r
configure:3296: checking for BSD-compatible nm
configure:3332: result: /usr/bin/nm -B
configure:3335: checking whether ln -s works
configure:3339: result: yes
configure:3346: checking how to recognise dependant libraries
configure:3509: result: pass_all
configure:3521: checking the maximum length of command line arguments
configure:3576: result: none
configure:3761: checking for ranlib
configure:3777: found /usr/bin/ranlib
configure:3788: result: ranlib
configure:3841: checking for strip
configure:3857: found /usr/bin/strip
configure:3868: result: strip
ltcf-c.sh:need_lc: gcc -c -g -O2  conftest.c 1>&5
ltcf-c.sh:need_lc: gcc -shared conftest.o  -v -Wl,-soname -Wl,conftest -o conftest
 /usr/lib/gcc/i486-linux-gnu/4.3.3/collect2 --eh-frame-hdr -m elf_i386 --hash-style=both -shared -o conftest -z relro /usr/lib/gcc/i486-linux-gnu/4.3.3/../../../../lib/crti.o /usr/lib/gcc/i486-linux-gnu/4.3.3/crtbeginS.o -L/usr/lib/gcc/i486-linux-gnu/4.3.3 -L/usr/lib/gcc/i486-linux-gnu/4.3.3 -L/usr/lib/gcc/i486-linux-gnu/4.3.3/../../../../lib -L/lib/../lib -L/usr/lib/../lib -L/usr/lib/gcc/i486-linux-gnu/4.3.3/../../.. conftest.o -soname conftest -lgcc --as-needed -lgcc_s --no-as-needed -lc -lgcc --as-needed -lgcc_s --no-as-needed /usr/lib/gcc/i486-linux-gnu/4.3.3/crtendS.o /usr/lib/gcc/i486-linux-gnu/4.3.3/../../../../lib/crtn.o
ltconfig:678:checking for gcc option to produce PIC
ltconfig:687:checking that gcc PIC flag -fPIC -DPIC works.
ltconfig:697: gcc -c -g -O2 -fPIC -DPIC -DPIC  conftest.c 1>&5
ltconfig:749: checking if gcc static flag -static works
ltconfig:758: gcc -o conftest -g -O2   -static conftest.c  1>&5
ltconfig:780: finding the maximum length of command line arguments
ltconfig:@lineno@: result: 49153
ltconfig:833: checking if gcc supports -c -o file.o
ltconfig:834: gcc -c -g -O2 -o out/conftest2.o  conftest.c 1>&5
ltconfig:887: checking if gcc supports -fno-rtti -fno-exceptions
ltconfig:888: gcc -c -g -O2 -fno-rtti -fno-exceptions -c conftest.c  conftest.c 1>&5
ltconfig:1431: checking if global_symbol_pipe works
ltconfig:1432: gcc -c -g -O2  conftest.c 1>&5
ltconfig:1435: eval "/usr/bin/nm -B conftest.o | sed -n -e 's/^.*[ 	]\([ABCDGISTW][ABCDGISTW]*\)[ 	][ 	]*\(\)\([_A-Za-z][_A-Za-z0-9]*\)$/\1 \2\3 \3/p' > conftest.nm"
ltconfig:1487: gcc -o conftest -g -O2 -fno-builtin   conftest.c conftstm.o 1>&5
configure:4201: checking whether to enable maintainer-specific portions of Makefiles
configure:4210: result: no
configure:4231: checking how to run the C preprocessor
configure:4266: gcc -E  conftest.c
configure:4272: $? = 0
configure:4304: gcc -E  conftest.c
conftest.c:11:28: error: ac_nonexistent.h: No such file or directory
configure:4310: $? = 1
configure: failed program was:
| /* confdefs.h.  */
| 
| #define PACKAGE_NAME "libffi"
| #define PACKAGE_TARNAME "libffi"
| #define PACKAGE_VERSION "2.1"
| #define PACKAGE_STRING "libffi 2.1"
| #define PACKAGE_BUGREPORT "http://gcc.gnu.org/bugs.html"
| #define PACKAGE "libffi"
| #define VERSION "2.1"
| /* end confdefs.h.  */
| #include <ac_nonexistent.h>
configure:4349: result: gcc -E
configure:4373: gcc -E  conftest.c
configure:4379: $? = 0
configure:4411: gcc -E  conftest.c
conftest.c:11:28: error: ac_nonexistent.h: No such file or directory
configure:4417: $? = 1
configure: failed program was:
| /* confdefs.h.  */
| 
| #define PACKAGE_NAME "libffi"
| #define PACKAGE_TARNAME "libffi"
| #define PACKAGE_VERSION "2.1"
| #define PACKAGE_STRING "libffi 2.1"
| #define PACKAGE_BUGREPORT "http://gcc.gnu.org/bugs.html"
| #define PACKAGE "libffi"
| #define VERSION "2.1"
| /* end confdefs.h.  */
| #include <ac_nonexistent.h>
configure:4461: checking for egrep
configure:4471: result: grep -E
configure:4476: checking for ANSI C header files
configure:4501: gcc -c -g -O2  conftest.c >&5
configure:4507: $? = 0
configure:4511: test -z 
			 || test ! -s conftest.err
configure:4514: $? = 0
configure:4517: test -s conftest.o
configure:4520: $? = 0
configure:4609: gcc -o conftest -g -O2   conftest.c  >&5
conftest.c: In function 'main':
conftest.c:28: warning: incompatible implicit declaration of built-in function 'exit'
configure:4612: $? = 0
configure:4614: ./conftest
configure:4617: $? = 0
configure:4632: result: yes
configure:4656: checking for sys/types.h
configure:4672: gcc -c -g -O2  conftest.c >&5
configure:4678: $? = 0
configure:4682: test -z 
			 || test ! -s conftest.err
configure:4685: $? = 0
configure:4688: test -s conftest.o
configure:4691: $? = 0
configure:4702: result: yes
configure:4656: checking for sys/stat.h
configure:4672: gcc -c -g -O2  conftest.c >&5
configure:4678: $? = 0
configure:4682: test -z 
			 || test ! -s conftest.err
configure:4685: $? = 0
configure:4688: test -s conftest.o
configure:4691: $? = 0
configure:4702: result: yes
configure:4656: checking for stdlib.h
configure:4672: gcc -c -g -O2  conftest.c >&5
configure:4678: $? = 0
configure:4682: test -z 
			 || test ! -s conftest.err
configure:4685: $? = 0
configure:4688: test -s conftest.o
configure:4691: $? = 0
configure:4702: result: yes
configure:4656: checking for string.h
configure:4672: gcc -c -g -O2  conftest.c >&5
configure:4678: $? = 0
configure:4682: test -z 
			 || test ! -s conftest.err
configure:4685: $? = 0
configure:4688: test -s conftest.o
configure:4691: $? = 0
configure:4702: result: yes
configure:4656: checking for memory.h
configure:4672: gcc -c -g -O2  conftest.c >&5
configure:4678: $? = 0
configure:4682: test -z 
			 || test ! -s conftest.err
configure:4685: $? = 0
configure:4688: test -s conftest.o
configure:4691: $? = 0
configure:4702: result: yes
configure:4656: checking for strings.h
configure:4672: gcc -c -g -O2  conftest.c >&5
configure:4678: $? = 0
configure:4682: test -z 
			 || test ! -s conftest.err
configure:4685: $? = 0
configure:4688: test -s conftest.o
configure:4691: $? = 0
configure:4702: result: yes
configure:4656: checking for inttypes.h
configure:4672: gcc -c -g -O2  conftest.c >&5
configure:4678: $? = 0
configure:4682: test -z 
			 || test ! -s conftest.err
configure:4685: $? = 0
configure:4688: test -s conftest.o
configure:4691: $? = 0
configure:4702: result: yes
configure:4656: checking for stdint.h
configure:4672: gcc -c -g -O2  conftest.c >&5
configure:4678: $? = 0
configure:4682: test -z 
			 || test ! -s conftest.err
configure:4685: $? = 0
configure:4688: test -s conftest.o
configure:4691: $? = 0
configure:4702: result: yes
configure:4656: checking for unistd.h
configure:4672: gcc -c -g -O2  conftest.c >&5
configure:4678: $? = 0
configure:4682: test -z 
			 || test ! -s conftest.err
configure:4685: $? = 0
configure:4688: test -s conftest.o
configure:4691: $? = 0
configure:4702: result: yes
configure:4728: checking sys/mman.h usability
configure:4740: gcc -c -g -O2  conftest.c >&5
configure:4746: $? = 0
configure:4750: test -z 
			 || test ! -s conftest.err
configure:4753: $? = 0
configure:4756: test -s conftest.o
configure:4759: $? = 0
configure:4769: result: yes
configure:4773: checking sys/mman.h presence
configure:4783: gcc -E  conftest.c
configure:4789: $? = 0
configure:4809: result: yes
configure:4844: checking for sys/mman.h
configure:4851: result: yes
configure:4868: checking for mmap
configure:4925: gcc -o conftest -g -O2   conftest.c  >&5
configure:4931: $? = 0
configure:4935: test -z 
			 || test ! -s conftest.err
configure:4938: $? = 0
configure:4941: test -s conftest
configure:4944: $? = 0
configure:4956: result: yes
configure:4968: checking for sys/mman.h
configure:4973: result: yes
configure:5111: checking for mmap
configure:5199: result: yes
configure:5213: checking whether read-only mmap of a plain file works
configure:5230: result: yes
configure:5232: checking whether mmap from /dev/zero works
configure:5254: result: yes
configure:5258: checking for MAP_ANON(YMOUS)
configure:5286: gcc -c -g -O2  conftest.c >&5
configure:5292: $? = 0
configure:5296: test -z 
			 || test ! -s conftest.err
configure:5299: $? = 0
configure:5302: test -s conftest.o
configure:5305: $? = 0
configure:5316: result: yes
configure:5322: checking whether mmap with MAP_ANON(YMOUS) works
configure:5339: result: yes
configure:5651: checking for ANSI C header files
configure:5807: result: yes
configure:5821: checking for memcpy
configure:5878: gcc -o conftest -g -O2   conftest.c  >&5
conftest.c:51: warning: conflicting types for built-in function 'memcpy'
configure:5884: $? = 0
configure:5888: test -z 
			 || test ! -s conftest.err
configure:5891: $? = 0
configure:5894: test -s conftest
configure:5897: $? = 0
configure:5909: result: yes
configure:5921: checking for working alloca.h
configure:5942: gcc -o conftest -g -O2   conftest.c  >&5
configure:5948: $? = 0
configure:5952: test -z 
			 || test ! -s conftest.err
configure:5955: $? = 0
configure:5958: test -s conftest
configure:5961: $? = 0
configure:5973: result: yes
configure:5983: checking for alloca
configure:6024: gcc -o conftest -g -O2   conftest.c  >&5
configure:6030: $? = 0
configure:6034: test -z 
			 || test ! -s conftest.err
configure:6037: $? = 0
configure:6040: test -s conftest
configure:6043: $? = 0
configure:6055: result: yes
configure:6279: checking for double
configure:6303: gcc -c -g -O2  conftest.c >&5
configure:6309: $? = 0
configure:6313: test -z 
			 || test ! -s conftest.err
configure:6316: $? = 0
configure:6319: test -s conftest.o
configure:6322: $? = 0
configure:6333: result: yes
configure:6336: checking size of double
configure:6655: gcc -o conftest -g -O2   conftest.c  >&5
configure:6658: $? = 0
configure:6660: ./conftest
configure:6663: $? = 0
configure:6686: result: 8
configure:6693: checking for long double
configure:6717: gcc -c -g -O2  conftest.c >&5
configure:6723: $? = 0
configure:6727: test -z 
			 || test ! -s conftest.err
configure:6730: $? = 0
configure:6733: test -s conftest.o
configure:6736: $? = 0
configure:6747: result: yes
configure:6750: checking size of long double
configure:7069: gcc -o conftest -g -O2   conftest.c  >&5
configure:7072: $? = 0
configure:7074: ./conftest
configure:7077: $? = 0
configure:7100: result: 12
configure:7122: checking whether byte ordering is bigendian
configure:7149: gcc -c -g -O2  conftest.c >&5
configure:7155: $? = 0
configure:7159: test -z 
			 || test ! -s conftest.err
configure:7162: $? = 0
configure:7165: test -s conftest.o
configure:7168: $? = 0
configure:7192: gcc -c -g -O2  conftest.c >&5
conftest.c: In function 'main':
conftest.c:40: error: 'not' undeclared (first use in this function)
conftest.c:40: error: (Each undeclared identifier is reported only once
conftest.c:40: error: for each function it appears in.)
conftest.c:40: error: expected ';' before 'big'
configure:7198: $? = 1
configure: failed program was:
| /* confdefs.h.  */
| 
| #define PACKAGE_NAME "libffi"
| #define PACKAGE_TARNAME "libffi"
| #define PACKAGE_VERSION "2.1"
| #define PACKAGE_STRING "libffi 2.1"
| #define PACKAGE_BUGREPORT "http://gcc.gnu.org/bugs.html"
| #define PACKAGE "libffi"
| #define VERSION "2.1"
| #define STDC_HEADERS 1
| #define HAVE_SYS_TYPES_H 1
| #define HAVE_SYS_STAT_H 1
| #define HAVE_STDLIB_H 1
| #define HAVE_STRING_H 1
| #define HAVE_MEMORY_H 1
| #define HAVE_STRINGS_H 1
| #define HAVE_INTTYPES_H 1
| #define HAVE_STDINT_H 1
| #define HAVE_UNISTD_H 1
| #define HAVE_SYS_MMAN_H 1
| #define HAVE_MMAP 1
| #define HAVE_MMAP_FILE 1
| #define HAVE_MMAP_DEV_ZERO 1
| #define HAVE_MMAP_ANON 1
| #define STDC_HEADERS 1
| #define HAVE_MEMCPY 1
| #define HAVE_ALLOCA_H 1
| #define HAVE_ALLOCA 1
| #define SIZEOF_DOUBLE 8
| #define SIZEOF_LONG_DOUBLE 12
| #define HAVE_LONG_DOUBLE 1
| /* end confdefs.h.  */
| #include <sys/types.h>
| #include <sys/param.h>
| 
| int
| main ()
| {
| #if BYTE_ORDER != BIG_ENDIAN
|  not big endian
| #endif
| 
|   ;
|   return 0;
| }
configure:7333: result: no
configure:7489: checking whether .eh_frame section should be read-only
configure:7508: result: yes
configure:7529: checking for __attribute__((visibility("hidden")))
configure:7538: gcc -Werror -S conftest.c -o conftest.s 1>&5
configure:7541: $? = 0
configure:7550: result: yes
configure:7919: creating ./config.status

## ---------------------- ##
## Running config.status. ##
## ---------------------- ##

This file was extended by libffi config.status 2.1, which was
generated by GNU Autoconf 2.59.  Invocation command line was

  CONFIG_FILES    = 
  CONFIG_HEADERS  = 
  CONFIG_LINKS    = 
  CONFIG_COMMANDS = 
  $ ./config.status 

on silentoutrage

config.status:785: creating include/Makefile
config.status:785: creating include/ffi.h
config.status:785: creating Makefile
config.status:889: creating fficonfig.h
config.status:1025: fficonfig.h is unchanged
config.status:1104: linking ./src/x86/ffitarget.h to include/ffitarget.h
config.status:1341: executing default-1 commands
config.status:1341: executing depfiles commands
config.status:1341: executing include commands
config.status:1341: executing src commands

## ---------------- ##
## Cache variables. ##
## ---------------- ##

ac_cv_build=i686-pc-linux-gnu
ac_cv_build_alias=i686-pc-linux-gnu
ac_cv_c_bigendian=no
ac_cv_c_compiler_gnu=yes
ac_cv_decl_map_anon=yes
ac_cv_env_CCASFLAGS_set=
ac_cv_env_CCASFLAGS_value=
ac_cv_env_CCAS_set=
ac_cv_env_CCAS_value=
ac_cv_env_CPPFLAGS_set=
ac_cv_env_CPPFLAGS_value=
ac_cv_env_CPP_set=
ac_cv_env_CPP_value=
ac_cv_env_build_alias_set=
ac_cv_env_build_alias_value=
ac_cv_env_host_alias_set=
ac_cv_env_host_alias_value=
ac_cv_env_target_alias_set=
ac_cv_env_target_alias_value=
ac_cv_exeext=
ac_cv_func_alloca_works=yes
ac_cv_func_memcpy=yes
ac_cv_func_mmap=yes
ac_cv_func_mmap_anon=yes
ac_cv_func_mmap_dev_zero=yes
ac_cv_func_mmap_file=yes
ac_cv_header_inttypes_h=yes
ac_cv_header_memory_h=yes
ac_cv_header_stdc=yes
ac_cv_header_stdint_h=yes
ac_cv_header_stdlib_h=yes
ac_cv_header_string_h=yes
ac_cv_header_strings_h=yes
ac_cv_header_sys_mman_h=yes
ac_cv_header_sys_stat_h=yes
ac_cv_header_sys_types_h=yes
ac_cv_header_unistd_h=yes
ac_cv_host=i686-pc-linux-gnu
ac_cv_host_alias=i686-pc-linux-gnu
ac_cv_objext=o
ac_cv_path_install='/usr/bin/install -c'
ac_cv_prog_AWK=mawk
ac_cv_prog_CPP='gcc -E'
ac_cv_prog_ac_ct_CC=gcc
ac_cv_prog_ac_ct_RANLIB=ranlib
ac_cv_prog_ac_ct_STRIP=strip
ac_cv_prog_cc_g=yes
ac_cv_prog_cc_gcc_c_o=yes
ac_cv_prog_cc_stdc=
ac_cv_prog_egrep='grep -E'
ac_cv_prog_make_make_set=yes
ac_cv_sizeof_double=8
ac_cv_sizeof_long_double=12
ac_cv_target=i686-pc-linux-gnu
ac_cv_target_alias=i686-pc-linux-gnu
ac_cv_type_double=yes
ac_cv_type_long_double=yes
ac_cv_working_alloca_h=yes
am_cv_CC_dependencies_compiler_type=gcc3
libffi_cv_hidden_visibility_attribute=yes
libffi_cv_ro_eh_frame=yes
lt_cv_deplibs_check_method=pass_all
lt_cv_file_magic_cmd='$MAGIC_CMD'
lt_cv_file_magic_test_file=
lt_cv_ld_reload_flag=-r
lt_cv_path_LD=/usr/bin/ld
lt_cv_path_NM='/usr/bin/nm -B'
lt_cv_prog_gnu_ld=yes

## ----------------- ##
## Output variables. ##
## ----------------- ##

ACLOCAL='${SHELL} /home/vijay/Projects/spark-scheme/libs/mzs/src/foreign/gcc/missing --run aclocal-1.9'
ALLOCA=''
ALPHA_FALSE=''
ALPHA_TRUE='#'
AMDEPBACKSLASH='\'
AMDEP_FALSE='#'
AMDEP_TRUE=''
AMTAR='${SHELL} /home/vijay/Projects/spark-scheme/libs/mzs/src/foreign/gcc/missing --run tar'
AM_RUNTESTFLAGS=''
ARM_FALSE=''
ARM_TRUE='#'
AUTOCONF='${SHELL} /home/vijay/Projects/spark-scheme/libs/mzs/src/foreign/gcc/missing --run autoconf'
AUTOHEADER='${SHELL} /home/vijay/Projects/spark-scheme/libs/mzs/src/foreign/gcc/missing --run autoheader'
AUTOMAKE='${SHELL} /home/vijay/Projects/spark-scheme/libs/mzs/src/foreign/gcc/missing --run automake-1.9'
AWK='mawk'
CC='gcc'
CCAS='gcc'
CCASFLAGS='-g -O2'
CCDEPMODE='depmode=gcc3'
CFLAGS='-g -O2'
CPP='gcc -E'
CPPFLAGS=''
CYGPATH_W='echo'
DEFS='-DHAVE_CONFIG_H'
DEPDIR='.deps'
ECHO_C=''
ECHO_N='-n'
ECHO_T=''
EGREP='grep -E'
EXEEXT=''
FRV_FALSE=''
FRV_TRUE='#'
HAVE_LONG_DOUBLE='1'
IA64_FALSE=''
IA64_TRUE='#'
INSTALL_DATA='${INSTALL} -m 644'
INSTALL_PROGRAM='${INSTALL}'
INSTALL_SCRIPT='${INSTALL}'
INSTALL_STRIP_PROGRAM='${SHELL} $(install_sh) -c -s'
LIBFFI_CRIS_FALSE=''
LIBFFI_CRIS_TRUE='#'
LIBOBJS=''
LIBS=''
LIBTOOL='$(SHELL) $(top_builddir)/libtool'
LN_S='ln -s'
LTLIBOBJS=''
M32R_FALSE=''
M32R_TRUE='#'
M68K_FALSE=''
M68K_TRUE='#'
MAINT='#'
MAINTAINER_MODE_FALSE=''
MAINTAINER_MODE_TRUE='#'
MAKEINFO='${SHELL} /home/vijay/Projects/spark-scheme/libs/mzs/src/foreign/gcc/missing --run makeinfo'
MIPS_IRIX_FALSE=''
MIPS_IRIX_TRUE='#'
MIPS_LINUX_FALSE=''
MIPS_LINUX_TRUE='#'
OBJEXT='o'
PACKAGE='libffi'
PACKAGE_BUGREPORT='http://gcc.gnu.org/bugs.html'
PACKAGE_NAME='libffi'
PACKAGE_STRING='libffi 2.1'
PACKAGE_TARNAME='libffi'
PACKAGE_VERSION='2.1'
PATH_SEPARATOR=':'
PA_FALSE=''
PA_TRUE='#'
POWERPC_AIX_FALSE=''
POWERPC_AIX_TRUE='#'
POWERPC_DARWIN_FALSE=''
POWERPC_DARWIN_TRUE='#'
POWERPC_FALSE=''
POWERPC_FREEBSD_FALSE=''
POWERPC_FREEBSD_TRUE='#'
POWERPC_TRUE='#'
RANLIB='ranlib'
S390_FALSE=''
S390_TRUE='#'
SET_MAKE=''
SH64_FALSE=''
SH64_TRUE='#'
SHELL='/bin/bash'
SH_FALSE=''
SH_TRUE='#'
SPARC_FALSE=''
SPARC_TRUE='#'
STRIP='strip'
TARGET='X86'
TARGETDIR='x86'
TESTSUBDIR_FALSE=''
TESTSUBDIR_TRUE='#'
VERSION='2.1'
X86_64_FALSE=''
X86_64_TRUE='#'
X86_FALSE='#'
X86_TRUE=''
X86_WIN32_FALSE=''
X86_WIN32_TRUE='#'
ac_ct_CC='gcc'
ac_ct_RANLIB='ranlib'
ac_ct_STRIP='strip'
am__fastdepCC_FALSE='#'
am__fastdepCC_TRUE=''
am__include='include'
am__leading_dot='.'
am__quote=''
am__tar='${AMTAR} chof - "$$tardir"'
am__untar='${AMTAR} xf -'
bindir='${exec_prefix}/bin'
build='i686-pc-linux-gnu'
build_alias=''
build_cpu='i686'
build_os='linux-gnu'
build_vendor='pc'
datadir='${prefix}/share'
exec_prefix='${prefix}'
host='i686-pc-linux-gnu'
host_alias=''
host_cpu='i686'
host_os='linux-gnu'
host_vendor='pc'
includedir='${prefix}/include'
infodir='${prefix}/info'
install_sh='/home/vijay/Projects/spark-scheme/libs/mzs/src/foreign/gcc/install-sh'
libdir='${exec_prefix}/lib'
libexecdir='${exec_prefix}/libexec'
localstatedir='${prefix}/var'
mandir='${prefix}/man'
mkdir_p='mkdir -p --'
multi_basedir='./..'
oldincludedir='/usr/include'
prefix='/usr/local'
program_transform_name='s,x,x,'
sbindir='${exec_prefix}/sbin'
sharedstatedir='${prefix}/com'
sysconfdir='${prefix}/etc'
target='i686-pc-linux-gnu'
target_alias=''
target_cpu='i686'
target_os='linux-gnu'
target_vendor='pc'
toolexecdir='$(libdir)/gcc-lib/$(target_alias)'
toolexeclibdir='$(libdir)/../lib'

## ----------- ##
## confdefs.h. ##
## ----------- ##

#define EH_FRAME_FLAGS "a"
#define HAVE_ALLOCA 1
#define HAVE_ALLOCA_H 1
#define HAVE_HIDDEN_VISIBILITY_ATTRIBUTE 1
#define HAVE_INTTYPES_H 1
#define HAVE_LONG_DOUBLE 1
#define HAVE_MEMCPY 1
#define HAVE_MEMORY_H 1
#define HAVE_MMAP 1
#define HAVE_MMAP_ANON 1
#define HAVE_MMAP_DEV_ZERO 1
#define HAVE_MMAP_FILE 1
#define HAVE_RO_EH_FRAME 1
#define HAVE_STDINT_H 1
#define HAVE_STDLIB_H 1
#define HAVE_STRINGS_H 1
#define HAVE_STRING_H 1
#define HAVE_SYS_MMAN_H 1
#define HAVE_SYS_STAT_H 1
#define HAVE_SYS_TYPES_H 1
#define HAVE_UNISTD_H 1
#define PACKAGE "libffi"
#define PACKAGE_BUGREPORT "http://gcc.gnu.org/bugs.html"
#define PACKAGE_NAME "libffi"
#define PACKAGE_STRING "libffi 2.1"
#define PACKAGE_TARNAME "libffi"
#define PACKAGE_VERSION "2.1"
#define SIZEOF_DOUBLE 8
#define SIZEOF_LONG_DOUBLE 12
#define STDC_HEADERS 1
#define STDC_HEADERS 1
#define VERSION "2.1"

configure: exit 0
